Build started 5/31/2016 9:10:45 PM.
     1>Project "C:\Users\Leul Abiy\Desktop\Genetic Algorithm\Genetic Algorithm\Genetic Algorithm.vcxproj" on node 2 (Build target(s)).
     1>ClCompile:
         C:\Program Files (x86)\Microsoft Visual Studio 14.0\VC\bin\CL.exe /c /ZI /nologo /W3 /WX- /Od /Oy- /D WIN32 /D _DEBUG /D _CONSOLE /D _UNICODE /D UNICODE /Gm /EHsc /RTC1 /MDd /GS /fp:precise /Zc:wchar_t /Zc:forScope /Zc:inline /Fo"Debug\\" /Fd"Debug\vc140.pdb" /Gd /TP /analyze- /errorReport:prompt main.cpp
         main.cpp
     1>c:\users\leul abiy\desktop\genetic algorithm\genetic algorithm\main.cpp(19): warning C4244: 'initializing': conversion from 'double' to 'int', possible loss of data
     1>c:\users\leul abiy\desktop\genetic algorithm\genetic algorithm\main.cpp(21): warning C4244: 'initializing': conversion from 'double' to 'int', possible loss of data
     1>c:\users\leul abiy\desktop\genetic algorithm\genetic algorithm\main.cpp(22): warning C4018: '<': signed/unsigned mismatch
     1>c:\users\leul abiy\desktop\genetic algorithm\genetic algorithm\main.cpp(91): warning C4244: 'initializing': conversion from 'double' to 'int', possible loss of data
     1>c:\users\leul abiy\desktop\genetic algorithm\genetic algorithm\main.cpp(92): warning C4018: '<': signed/unsigned mismatch
     1>c:\users\leul abiy\desktop\genetic algorithm\genetic algorithm\main.cpp(102): warning C4018: '<': signed/unsigned mismatch
     1>c:\users\leul abiy\desktop\genetic algorithm\genetic algorithm\main.cpp(131): warning C4018: '<': signed/unsigned mismatch
     1>c:\users\leul abiy\desktop\genetic algorithm\genetic algorithm\main.cpp(153): warning C4018: '<': signed/unsigned mismatch
     1>c:\users\leul abiy\desktop\genetic algorithm\genetic algorithm\main.cpp(246): warning C4018: '<': signed/unsigned mismatch
     1>c:\users\leul abiy\desktop\genetic algorithm\genetic algorithm\main.cpp(250): warning C4018: '>': signed/unsigned mismatch
     1>c:\users\leul abiy\desktop\genetic algorithm\genetic algorithm\main.cpp(265): warning C4018: '<': signed/unsigned mismatch
     1>c:\users\leul abiy\desktop\genetic algorithm\genetic algorithm\main.cpp(278): warning C4018: '<': signed/unsigned mismatch
     1>c:\users\leul abiy\desktop\genetic algorithm\genetic algorithm\main.cpp(294): warning C4018: '<': signed/unsigned mismatch
     1>c:\users\leul abiy\desktop\genetic algorithm\genetic algorithm\main.cpp(310): warning C4018: '<': signed/unsigned mismatch
     1>c:\users\leul abiy\desktop\genetic algorithm\genetic algorithm\main.cpp(326): warning C4018: '<': signed/unsigned mismatch
     1>c:\users\leul abiy\desktop\genetic algorithm\genetic algorithm\main.cpp(341): warning C4018: '<': signed/unsigned mismatch
     1>c:\users\leul abiy\desktop\genetic algorithm\genetic algorithm\main.cpp(400): warning C4244: 'argument': conversion from 'time_t' to 'unsigned int', possible loss of data
       Link:
         C:\Program Files (x86)\Microsoft Visual Studio 14.0\VC\bin\link.exe /ERRORREPORT:PROMPT /OUT:"C:\Users\Leul Abiy\Desktop\Genetic Algorithm\Debug\Genetic Algorithm.exe" /INCREMENTAL /NOLOGO kernel32.lib user32.lib gdi32.lib winspool.lib comdlg32.lib advapi32.lib shell32.lib ole32.lib oleaut32.lib uuid.lib odbc32.lib odbccp32.lib /MANIFEST /MANIFESTUAC:"level='asInvoker' uiAccess='false'" /manifest:embed /Debug /PDB:"C:\Users\Leul Abiy\Desktop\Genetic Algorithm\Debug\Genetic Algorithm.pdb" /SUBSYSTEM:CONSOLE /TLBID:1 /DYNAMICBASE /NXCOMPAT /IMPLIB:"C:\Users\Leul Abiy\Desktop\Genetic Algorithm\Debug\Genetic Algorithm.lib" /MACHINE:X86 Debug\main.obj
         Genetic Algorithm.vcxproj -> C:\Users\Leul Abiy\Desktop\Genetic Algorithm\Debug\Genetic Algorithm.exe
     1>Done Building Project "C:\Users\Leul Abiy\Desktop\Genetic Algorithm\Genetic Algorithm\Genetic Algorithm.vcxproj" (Build target(s)).

Build succeeded.

Time Elapsed 00:00:02.41
