Case #1: 
GGG
CCC
JJJ
Case #2: 
CODE
CODE
JJAM
Case #3: 
CA
KE
Case #4: 
YYYYYYYYYYYYYYYYYYYYYYYYY
VVVVVVVVVVVVVVPPPPPPPPPPP
VVVVVVVVVVVVVVPPPPPPPPPPP
RRRRRRRRRRRRRRRRRRTTTTTTT
DDDDDDDDDDDDDDDDDDHHHHHHH
DDDDDDDDDDDDDDDDDDHHHHHHH
KKKKKKKKKKKKKKKKKKKKKKKKK
LLLLLLLLLLLLLLCQQQQQQQQQQ
UUUUUUUUUUUUUUUUUUUUUUUUU
AAAAXXXXXXXXXXXXXXXXXXXXX
AAAAXXXXXXXXXXXXXXXXXXXXX
MMMMMMMMMMMMMMMMMMMMMMMMM
SSSSSSSSSSSSSSSSSSSSSSSSS
GGGGGGGGGGGGGGGGGGGGGGGGG
IIIIIIIIIIIIIIIIIIIIIIIII
WWWWWWWWWWWWWWWWWWWWWWWWW
WWWWWWWWWWWWWWWWWWWWWWWWW
OOOOOOOOOOOOOOOOOOOOOOOOO
OOOOOOOOOOOOOOOOOOOOOOOOO
OOOOOOOOOOOOOOOOOOOOOOOOO
NNNNNNNNNNNNNNNNNNNNNNNNN
ZZZZZZZZZZZZZZZZZZZZZZZZZ
BBBBBBBBBBBBBBBBBBBBBBBBB
BBBBBBBBBBBBBBBBBBBBBBBBB
FFFFFFFFFFFFJJJJJJJEEEEEE
Case #5: 
KKKKKKKKKKKKKKKKKKKKKKKKK
KKKKKKKKKKKKKKKKKKKKKKKKK
XXXXXXXXXXXXXXXXXXXXXXXXX
TTTTTTTTTTTTTTTTTTTTTTTTT
TTTTTTTTTTTTTTTTTTTTTTTTT
TTTTTTTTTTTTTTTTTTTTTTTTT
MMMMMMMMMMMMMMMMOOOVVVVVV
CCCCCCCCCCCCCCCCCCCCCCPPP
CCCCCCCCCCCCCCCCCCCCCCPPP
DDDDDDDDDDDDDDDDDDDDDDDDD
DDDDDDDDDDDDDDDDDDDDDDDDD
FFFFFFFFFFFFFFFFFFFFFFBBB
ZZZZZZZZZZZZZZZZZZZZZZZZZ
ZZZZZZZZZZZZZZZZZZZZZZZZZ
HHHHHHHHHHHHHHHHHHHHHHHHA
NNNNNNNNNNNNNNNNNNNNNNNNN
NNNNNNNNNNNNNNNNNNNNNNNNN
IIIIIIIIIIIIIIIIIIISSSSSS
YYYYYYYYYYYYYYYYYYYYYYYYY
JJJJJJJJJJJGGGGGGGGGGGGGG
JJJJJJJJJJJGGGGGGGGGGGGGG
JJJJJJJJJJJGGGGGGGGGGGGGG
UUUUUUUUUUUUUUUUUUUUUUUUU
WWWWWWWWWWWWWWWWWWWWWWWWW
REEEEQQQQQQQQLLLLLLLLLLLL
Case #6: 
NNVVYYWXXJJJJJJJJJJJJJJJJ
LZIIICUUUUUUUUUUUUUUUUUUU
KKKKQRFSSSSSSSSSSSSSSSSSS
AAHHBBGGGGGGGGGGGGGGGGGGG
OOOOOOOOOOOOOOOOOOOOOOOOO
PPPEEEEEEEEEEEEEEEEEEEEEE
MMMMMMMMMMMMMMMMMMMMMMMMM
TTDDDDDDDDDDDDDDDDDDDDDDD
TTDDDDDDDDDDDDDDDDDDDDDDD
TTDDDDDDDDDDDDDDDDDDDDDDD
TTDDDDDDDDDDDDDDDDDDDDDDD
TTDDDDDDDDDDDDDDDDDDDDDDD
TTDDDDDDDDDDDDDDDDDDDDDDD
TTDDDDDDDDDDDDDDDDDDDDDDD
TTDDDDDDDDDDDDDDDDDDDDDDD
TTDDDDDDDDDDDDDDDDDDDDDDD
TTDDDDDDDDDDDDDDDDDDDDDDD
TTDDDDDDDDDDDDDDDDDDDDDDD
TTDDDDDDDDDDDDDDDDDDDDDDD
TTDDDDDDDDDDDDDDDDDDDDDDD
TTDDDDDDDDDDDDDDDDDDDDDDD
TTDDDDDDDDDDDDDDDDDDDDDDD
TTDDDDDDDDDDDDDDDDDDDDDDD
TTDDDDDDDDDDDDDDDDDDDDDDD
TTDDDDDDDDDDDDDDDDDDDDDDD
Case #7: 
AA
Case #8: 
BBFEECMJJGLLIKAAAHHHHDDDD
Case #9: 
RRRRRRRRRRRRRRRRRRRUUUUUU
SSSSSSSSSSSSSSSSSSSSSSSSS
SSSSSSSSSSSSSSSSSSSSSSSSS
SSSSSSSSSSSSSSSSSSSSSSSSS
BBBBBBBBBBBBBBBBBBBBBBBBB
BBBBBBBBBBBBBBBBBBBBBBBBB
VVVVVVEEEEEEEEEEEEEEWWWWW
XXXXXXXXXXXXXXQQQNNNNNNNN
XXXXXXXXXXXXXXQQQNNNNNNNN
XXXXXXXXXXXXXXQQQNNNNNNNN
XXXXXXXXXXXXXXQQQNNNNNNNN
AAAAALLFFFFFFFFFFFFFFFFFF
AAAAALLFFFFFFFFFFFFFFFFFF
AAAAALLFFFFFFFFFFFFFFFFFF
CCCCCCCCCCCCCCCCCCCCCCCCC
CCCCCCCCCCCCCCCCCCCCCCCCC
CCCCCCCCCCCCCCCCCCCCCCCCC
CCCCCCCCCCCCCCCCCCCCCCCCC
YKKKKTTTTTTTZZZZZZZZZZZPP
HHHHHHHHHHHHHHHHHHHHHHHHH
HHHHHHHHHHHHHHHHHHHHHHHHH
JJJJJJJJJJJJJJJJJJJJJJJJJ
GGGGGGGGGGGGGGGGGGGGGGGII
GGGGGGGGGGGGGGGGGGGGGGGII
MMMMMMMMMMMMMMMMMMMMMDOOO
Case #10: 
CD
BA
Case #11: 
HHHHHHHHHHHHHHHHHHHHHHHHH
HHHHHHHHHHHHHHHHHHHHHHHHH
HHHHHHHHHHHHHHHHHHHHHHHHH
XXXXXXXXXXXXXXXXXXXXXXXXX
MMMMMMMMMMMMMMMMMMMMMMMMM
MMMMMMMMMMMMMMMMMMMMMMMMM
ZZZZZZZZZZZZZZZZZZZZZZZZZ
JJJJJJJJJJJJJJJJJJJJJJJJJ
UUUUUUUUUUUUUUUUUUUUUUUUU
BBBBBBBBBBBBBBBGGGGGGGGGG
NNNNNNNNNNNNNNNNNNNNNNNNN
FFFFFFFFFFFFFFFDDDDDDDDDD
QQQQQQQQQQQQQQQQQQQQQQQQQ
CCCCCCCCCCCCCCCCCCCCCCCCC
RRRRRRRRRRRRRRRRRRRRRRRRR
RRRRRRRRRRRRRRRRRRRRRRRRR
RRRRRRRRRRRRRRRRRRRRRRRRR
RRRRRRRRRRRRRRRRRRRRRRRRR
IIIIIITTTTTTTTTTTTTTTTEEE
KKKKKKKKKKKKKKKKKKWWWWWWW
LLLLLLLLLLLLLLLLLLLLLLLLL
AAAAAAAAAAAAAAAAAAAAAAAAA
SSSSSSSSSSSSSSSSSSSSSSSSS
YYYYYYYYYYYYYYYYYYYYYPOOO
VVVVVVVVVVVVVVVVVVVVVVVVV
Case #12: 
WWWWWWWWWLLLYYYYYYYYYYYYY
WWWWWWWWWLLLYYYYYYYYYYYYY
WWWWWWWWWLLLYYYYYYYYYYYYY
OMMMMMMCCCCCCCCCCCCCCCCBB
IIIIIIIIIQQQQQQQQQQQQQQQQ
IIIIIIIIIQQQQQQQQQQQQQQQQ
TTTTTTTTTTTTTTTTTTTTTTTTT
TTTTTTTTTTTTTTTTTTTTTTTTT
VVVVVVVVVVVVVVVVVVVVVVVVV
HHHHHHHHHHHHHHHHHHHHHHHHH
HHHHHHHHHHHHHHHHHHHHHHHHH
DDDDDDDDDDDDDDDDDDDDDDDDD
EEEEEEEEEEEEEEEEUUUUUUUUU
FFFFFFFFFFFFFRRRRRRRRRRRR
GGGGGGGGGGGGGGGGGGGGGGGGN
GGGGGGGGGGGGGGGGGGGGGGGGN
GGGGGGGGGGGGGGGGGGGGGGGGN
GGGGGGGGGGGGGGGGGGGGGGGGN
XXXXXXXXXXXXXXXXXXXXXXXXX
JJJJJJJJJJJJJJJJJJJJJJJJJ
PPPPPPPPPPPPPPPPPPPPPPPPP
PPPPPPPPPPPPPPPPPPPPPPPPP
AAAAAAAAAAAAAAAAAAAAAAAAA
ZZZZZZZZZZZZZZZZZZZZZZZZZ
KKKSSSSSSSSSSSSSSSSSSSSSS
Case #13: 
ABCDEFGHIJKLMNOPQRSTUVWXY
ABCDEFGHIJKLMNOPQRSTUVWXY
ABCDEFGHIJKLMNOPQRSTUVWXY
ABCDEFGHIJKLMNOPQRSTUVWXY
ABCDEFGHIJKLMNOPQRSTUVWXY
ABCDEFGHIJKLMNOPQRSTUVWXY
ABCDEFGHIJKLMNOPQRSTUVWXY
ABCDEFGHIJKLMNOPQRSTUVWXY
ABCDEFGHIJKLMNOPQRSTUVWXY
ABCDEFGHIJKLMNOPQRSTUVWXY
ABCDEFGHIJKLMNOPQRSTUVWXY
ABCDEFGHIJKLMNOPQRSTUVWXY
ABCDEFGHIJKLMNOPQRSTUVWXY
ABCDEFGHIJKLMNOPQRSTUVWXY
ABCDEFGHIJKLMNOPQRSTUVWXY
ABCDEFGHIJKLMNOPQRSTUVWXY
ABCDEFGHIJKLMNOPQRSTUVWXY
ABCDEFGHIJKLMNOPQRSTUVWXY
ABCDEFGHIJKLMNOPQRSTUVWXY
ABCDEFGHIJKLMNOPQRSTUVWXY
ABCDEFGHIJKLMNOPQRSTUVWXY
ABCDEFGHIJKLMNOPQRSTUVWXY
ABCDEFGHIJKLMNOPQRSTUVWXY
ABCDEFGHIJKLMNOPQRSTUVWXY
ABCDEFGHIJKLMNOPQRSTUVWXY
Case #14: 
BBBBBBBBBBBBBBBBBBBBBBBBB
BBBBBBBBBBBBBBBBBBBBBBBBB
PPPPPPPPPPPPPPPPPPPPNNNNN
RRRRRRRRRRRRRRRRRRRRRRRRR
LLLLLLLLLLLLLLLLLLLLLLLLL
EEEEEEEEEEEEEEEEEEEEEEEEE
XXXXXXXXXXXXXXXSSSSSSSSSS
XXXXXXXXXXXXXXXSSSSSSSSSS
GGGGGGGGGGGGGAAAAAAAAAAAA
DDDDDDDDDDDDDDDDUUUUYYYYY
ZZZZZZZZZZZZZZZZZZZZZZZZZ
ZZZZZZZZZZZZZZZZZZZZZZZZZ
IIIIIIIIIIIIITTTTTTTTTTTT
IIIIIIIIIIIIITTTTTTTTTTTT
IIIIIIIIIIIIITTTTTTTTTTTT
CCCCCCCCCCCCMMMMMMMMMMMMM
WWWWWWWWWWWWWWWWWWWWWWWWW
QQQQQQQQQQQQQQQQVVVVVVVVV
KKKKKKKKKKKKKKKKKKKKKKKKK
OOOOOOOOOOOOOOOOOOOOOOOOO
OOOOOOOOOOOOOOOOOOOOOOOOO
OOOOOOOOOOOOOOOOOOOOOOOOO
FFFFFFFJJJJJJJJJJJJJJJJJJ
HHHHHHHHHHHHHHHHHHHHHHHHH
HHHHHHHHHHHHHHHHHHHHHHHHH
Case #15: 
NNNNNNNNNNNNNNNNNNNNNNNNN
NNNNNNNNNNNNNNNNNNNNNNNNN
NNNNNNNNNNNNNNNNNNNNNNNNN
NNNNNNNNNNNNNNNNNNNNNNNNN
NNNNNNNNNNNNNNNNNNNNNNNNN
NNNNNNNNNNNNNNNNNNNNNNNNN
NNNNNNNNNNNNNNNNNNNNNNNNN
NNNNNNNNNNNNNNNNNNNNNNNNN
NNNNNNNNNNNNNNNNNNNNNNNNN
NNNNNNNNNNNNNNNNNNNNNNNNN
NNNNNNNNNNNNNNNNNNNNNNNNN
NNNNNNNNNNNNNNNNNNNNNNNNN
NNNNNNNNNNNNNNNNNNNNNNNNN
NNNNNNNNNNNNNNNNNNNNNNNNN
NNNNNNNNNNNNNNNNNNNNNNNNN
NNNNNNNNNNNNNNNNNNNNNNNNN
NNNNNNNNNNNNNNNNNNNNNNNNN
NNNNNNNNNNNNNNNNNNNNNNNNN
JJJJJJJJJJJJJJJJJJJJJJJJJ
GGGGGGGGGGGGGGGGGUUUDDDDD
RRRRRRRRRRRRRRRRRRRAYQQQQ
BBBBBBBBBBBBBBBBBBBBBKHHH
FFFFFFFFFFFFFFFFOOOCSXXXX
MMMMMMMMMMMMMMMMPWWWZEEEE
VVVVVVVVVVVVVVVVIITLLLLLL
Case #16: 
VVVVVVVVVVVVVVVVVVVVVVVVV
VVVVVVVVVVVVVVVVVVVVVVVVV
IIIIIIIIIIIIIIIIIIIIIIIII
IIIIIIIIIIIIIIIIIIIIIIIII
FFFFFFFFFFFFFFFFFFFFFFFFF
PPPPPPPPUUUUUUUUUUUUUUUUU
XXXXXXXXXXXXXXXXXXXXXGGGG
XXXXXXXXXXXXXXXXXXXXXGGGG
RRRRRRRRRRRRRRRRRRRRRRRRR
DDDDDDDDDDDDDDDDDDDDDDDDD
CCCCCCCCCCCMMMMMMMMMMMMMM
CCCCCCCCCCCMMMMMMMMMMMMMM
CCCCCCCCCCCMMMMMMMMMMMMMM
CCCCCCCCCCCMMMMMMMMMMMMMM
SSSSSSSSSSSSSSSSSSSSSSSSS
HHHHHHHHHHHHHHHHHHHHHHHHH
OOOOOOOOOOOOOOOOOOOOOOOOO
KKKKKKKKKKKKKKKKKKKKKKKKK
KKKKKKKKKKKKKKKKKKKKKKKKK
YYYYYYYYYYYYYYYYYYYYYYYYY
LLLLLLLLLLLLLLLLLLLLLLLLL
JJJJJJJJJJTTTTTTTTZZZZZZZ
EWWWWWWWWWWWWWQQQQQQQQQQQ
BBBBBBBBBBBBBBBBBBBBBBBBB
AAAAAAAAAAAAAAAAAAAAAAAAN
Case #17: 
MMMMMMMMMMMMMMMMMMMMMMMMM
MMMMMMMMMMMMMMMMMMMMMMMMM
MMMMMMMMMMMMMMMMMMMMMMMMM
MMMMMMMMMMMMMMMMMMMMMMMMM
MMMMMMMMMMMMMMMMMMMMMMMMM
MMMMMMMMMMMMMMMMMMMMMMMMM
MMMMMMMMMMMMMMMMMMMMMMMMM
MMMMMMMMMMMMMMMMMMMMMMMMM
MMMMMMMMMMMMMMMMMMMMMMMMM
MMMMMMMMMMMMMMMMMMMMMMMMM
MMMMMMMMMMMMMMMMMMMMMMMMM
MMMMMMMMMMMMMMMMMMMMMMMMM
MMMMMMMMMMMMMMMMMMMMMMMMM
MMMMMMMMMMMMMMMMMMMMMMMMM
AAAAAAAAAAAAAAAJJJJJJJJJJ
XXXXXXXXXXXXXXXDDFFFFFFFF
QQQQQQQQQQQQQQQQHHHPPPPPP
GGGGGGGGGGGGGRRRRRYVVVVVV
WWWWWWWWWWWWWWWWWWWWWWWWW
OOOOOOOOOOOOOOOOOOOOOOOOO
UUUUUUUUUUUUBCCCCCNNNNKKK
EEEEEEEEEEEEEEEEEEEEEEEEE
LLLLLLLLLLLLLTTTTSSSSSSSS
IIIIIIIIIIIIIIIIIIIIIIIII
ZZZZZZZZZZZZZZZZZZZZZZZZZ
Case #18: 
AAAAAAAAACCCCCCCCCCCCCCCC
AAAAAAAAACCCCCCCCCCCCCCCC
AAAAAAAAACCCCCCCCCCCCCCCC
AAAAAAAAACCCCCCCCCCCCCCCC
AAAAAAAAACCCCCCCCCCCCCCCC
AAAAAAAAACCCCCCCCCCCCCCCC
EEEEEEEEEEEEEEEEEEEEEEEEE
EEEEEEEEEEEEEEEEEEEEEEEEE
EEEEEEEEEEEEEEEEEEEEEEEEE
EEEEEEEEEEEEEEEEEEEEEEEEE
BBBBBBBBBBDDDDDDDDDDDDDDD
BBBBBBBBBBDDDDDDDDDDDDDDD
BBBBBBBBBBDDDDDDDDDDDDDDD
BBBBBBBBBBDDDDDDDDDDDDDDD
BBBBBBBBBBDDDDDDDDDDDDDDD
BBBBBBBBBBDDDDDDDDDDDDDDD
BBBBBBBBBBDDDDDDDDDDDDDDD
BBBBBBBBBBDDDDDDDDDDDDDDD
BBBBBBBBBBDDDDDDDDDDDDDDD
BBBBBBBBBBDDDDDDDDDDDDDDD
FFFFFFFFFFFFFFFFFFFGGGGGG
HHHHHHHHHHHHHHHHHHHHHHHHH
IIIIIIIIIIIIIIIIIIIIIIIII
JJJJJJJJJJJJJJJJJJJJJJJJJ
JJJJJJJJJJJJJJJJJJJJJJJJJ
Case #19: 
GGGGGGGGGGGGGGGGGGGGGGGGG
GGGGGGGGGGGGGGGGGGGGGGGGG
GGGGGGGGGGGGGGGGGGGGGGGGG
GGGGGGGGGGGGGGGGGGGGGGGGG
GGGGGGGGGGGGGGGGGGGGGGGGG
GGGGGGGGGGGGGGGGGGGGGGGGG
GGGGGGGGGGGGGGGGGGGGGGGGG
GGGGGGGGGGGGGGGGGGGGGGGGG
GGGGGGGGGGGGGGGGGGGGGGGGG
GGGGGGGGGGGGGGGGGGGGGGGGG
GGGGGGGGGGGGGGGGGGGGGGGGG
GGGGGGGGGGGGGGGGGGGGGGGGG
GGGGGGGGGGGGGGGGGGGGGGGGG
GGGGGGGGGGGGGGGGGGGGGGGGG
GGGGGGGGGGGGGGGGGGGGGGGGG
GGGGGGGGGGGGGGGGGGGGGGGGG
VVVVVVVVVVVVVVVVVVVVVVVVV
VVVVVVVVVVVVVVVVVVVVVVVVV
KKKKKKKKKKKKKKKKKKKKKKKFF
QQQQQQQQQQQQQQQQQSCCCCCCC
UUUUUUUUUUUUUUUUUUAOOOOOY
WWWWWWWWWWWWWDDMMMMMMMEEE
ZZZZZZZZZZLLXXXXXXXXXHIII
RRRRRRRRRRRRRRRTTTTBBNNPP
JJJJJJJJJJJJJJJJJJJJJJJJJ
Case #20: 
AB
AB
Case #21: 
NNNNNNNNSSSSSSSSSSSSSSSSS
NNNNNNNNSSSSSSSSSSSSSSSSS
NNNNNNNNSSSSSSSSSSSSSSSSS
NNNNNNNNSSSSSSSSSSSSSSSSS
NNNNNNNNSSSSSSSSSSSSSSSSS
NNNNNNNNSSSSSSSSSSSSSSSSS
IIIIIIDDWEEEEEEEEEEEEEEEE
AAAAAAAAAAZZZZZZZZZZZZZZZ
BBBBBBBBBBBBBHHHHHHHHHHHH
XXXXXXXXXXXXXXKKKKKKKKKKK
FFFFFFFFFFFFFFFFFFFFFFFFF
PPPPPPPPPPPPPPPPPPPPPPPPP
YYYYYYRROGGGGGGGGGGGGGGGG
CCCCCCCTTJJVLLLLLLLLLLLLL
MMMMMMMMMMMMMMMMMMMMMMMMM
QQQQQQQQQQQUUUUUUUUUUUUUU
QQQQQQQQQQQUUUUUUUUUUUUUU
QQQQQQQQQQQUUUUUUUUUUUUUU
QQQQQQQQQQQUUUUUUUUUUUUUU
QQQQQQQQQQQUUUUUUUUUUUUUU
QQQQQQQQQQQUUUUUUUUUUUUUU
QQQQQQQQQQQUUUUUUUUUUUUUU
QQQQQQQQQQQUUUUUUUUUUUUUU
QQQQQQQQQQQUUUUUUUUUUUUUU
QQQQQQQQQQQUUUUUUUUUUUUUU
Case #22: 
ABCDEFGHIJKLMNOPQRSTUVWXY
ABCDEFGHIJKLMNOPQRSTUVWXY
ABCDEFGHIJKLMNOPQRSTUVWXY
ABCDEFGHIJKLMNOPQRSTUVWXY
ABCDEFGHIJKLMNOPQRSTUVWXY
ABCDEFGHIJKLMNOPQRSTUVWXY
ABCDEFGHIJKLMNOPQRSTUVWXY
ABCDEFGHIJKLMNOPQRSTUVWXY
ABCDEFGHIJKLMNOPQRSTUVWXY
ABCDEFGHIJKLMNOPQRSTUVWXY
ABCDEFGHIJKLMNOPQRSTUVWXY
ABCDEFGHIJKLMNOPQRSTUVWXY
ABCDEFGHIJKLMNOPQRSTUVWXY
ABCDEFGHIJKLMNOPQRSTUVWXY
ABCDEFGHIJKLMNOPQRSTUVWXY
ABCDEFGHIJKLMNOPQRSTUVWXY
ABCDEFGHIJKLMNOPQRSTUVWXY
ABCDEFGHIJKLMNOPQRSTUVWXY
ABCDEFGHIJKLMNOPQRSTUVWXY
ABCDEFGHIJKLMNOPQRSTUVWXY
ABCDEFGHIJKLMNOPQRSTUVWXY
ABCDEFGHIJKLMNOPQRSTUVWXY
ABCDEFGHIJKLMNOPQRSTUVWXY
ABCDEFGHIJKLMNOPQRSTUVWXY
ABCDEFGHIJKLMNOPQRSTUVWXY
Case #23: 
AAAAAAAAAAAAAAAAAABBBBBBB
AAAAAAAAAAAAAAAAAABBBBBBB
AAAAAAAAAAAAAAAAAABBBBBBB
AAAAAAAAAAAAAAAAAABBBBBBB
AAAAAAAAAAAAAAAAAABBBBBBB
AAAAAAAAAAAAAAAAAABBBBBBB
AAAAAAAAAAAAAAAAAABBBBBBB
AAAAAAAAAAAAAAAAAABBBBBBB
AAAAAAAAAAAAAAAAAABBBBBBB
AAAAAAAAAAAAAAAAAABBBBBBB
AAAAAAAAAAAAAAAAAABBBBBBB
AAAAAAAAAAAAAAAAAABBBBBBB
AAAAAAAAAAAAAAAAAABBBBBBB
AAAAAAAAAAAAAAAAAABBBBBBB
AAAAAAAAAAAAAAAAAABBBBBBB
AAAAAAAAAAAAAAAAAABBBBBBB
AAAAAAAAAAAAAAAAAABBBBBBB
AAAAAAAAAAAAAAAAAABBBBBBB
AAAAAAAAAAAAAAAAAABBBBBBB
AAAAAAAAAAAAAAAAAABBBBBBB
AAAAAAAAAAAAAAAAAABBBBBBB
AAAAAAAAAAAAAAAAAABBBBBBB
CCCCCCCCCCCCCCCCCCCCCCCCC
DDDDDDDDDDDDDDDDDDDDDDDDD
EEEEEEEEEEEEEEEEEEEEEEEEE
Case #24: 
SSSSSSSSSSSSSSSSSSSSSSSSS
SSSSSSSSSSSSSSSSSSSSSSSSS
DDDDDDDDDDDDDDDDDDDDDDDDD
DDDDDDDDDDDDDDDDDDDDDDDDD
DDDDDDDDDDDDDDDDDDDDDDDDD
MMMMMMMMMMMMMMMMMMMMMMMMF
MMMMMMMMMMMMMMMMMMMMMMMMF
MMMMMMMMMMMMMMMMMMMMMMMMF
IIIIIIIIIIIILLLLLLLLLPPPP
WWWWWWWWWWWWWWWWWWWWWWWWW
EEEEEEEEEEEEEEEEEEEEEEEEE
CCCCCCCCCCCCCTTTTTTTTTTTT
OOOOOOOOOOOOOOOOOOOOOOOOO
JJJJJJJJJJJJJJJJJJJJJJJJJ
HHHHHHHGGGGGGGGGNNNNNAAAA
HHHHHHHGGGGGGGGGNNNNNAAAA
YYYYYYYYYYBBBBBBBBBBBBBBB
YYYYYYYYYYBBBBBBBBBBBBBBB
YYYYYYYYYYBBBBBBBBBBBBBBB
YYYYYYYYYYBBBBBBBBBBBBBBB
UUUUUUUUUUUUUUUUUUUUUUUUU
RRRRRRRRRRRRRQQQQQQQQQQQQ
XXXXXXXXXXXXXXXXXXXXXXXXX
XXXXXXXXXXXXXXXXXXXXXXXXX
VVVVVVVVVVVVVVVZZZZZZZKKK
Case #25: 
EEEEEEEEEEEEEEEEEEEEEEEEE
IIIIIIIIIIIIIIIIIIIIIIIII
RRRRRRRRRRRRRRRRRRRRRRRRR
UUUUUUUUUUUUUUUUUUUUUUUUU
QQQQQQQQQQQQQQQQQQQAPPPPP
HHHHHHHHHHHHHHHHHHJJJJJJJ
XXXXXXXXXXXXXXXXXXXXXXXXX
CCCCCCCCCCCCCCCCCCCCCZZYY
NNNNNNNNNNNNNNNNNNNVSGGGG
DDDDDDDDDDDDDDDDDDDDDDDDB
FFFFFFFFFFFFFFFFFFFTTLKKW
FFFFFFFFFFFFFFFFFFFTTLKKW
OOOOOOOOOOOOOOOOOOOOOOOOO
OOOOOOOOOOOOOOOOOOOOOOOOO
OOOOOOOOOOOOOOOOOOOOOOOOO
MMMMMMMMMMMMMMMMMMMMMMMMM
MMMMMMMMMMMMMMMMMMMMMMMMM
MMMMMMMMMMMMMMMMMMMMMMMMM
MMMMMMMMMMMMMMMMMMMMMMMMM
MMMMMMMMMMMMMMMMMMMMMMMMM
MMMMMMMMMMMMMMMMMMMMMMMMM
MMMMMMMMMMMMMMMMMMMMMMMMM
MMMMMMMMMMMMMMMMMMMMMMMMM
MMMMMMMMMMMMMMMMMMMMMMMMM
MMMMMMMMMMMMMMMMMMMMMMMMM
Case #26: 
AAAAAAAAAAAAAAAAAAAAAAAAA
BBBBBBBBBBBBBBBBBBBBBBBBB
CCCCCCCCCCCCCCCCCCCCCCCCC
DDDDDDDDDDDDDDDDDDDDDDDDD
EEEEEEEEEEEEEEEEEEEEEEEEE
FFFFFFFFFFFFFFFFFFFFFFFFF
GGGGGGGGGGGGGGGGGGGGGGGGG
HHHHHHHHHHHHHHHHHHHHHHHHH
IIIIIIIIIIIIIIIIIIIIIIIII
JJJJJJJJJJJJJJJJJJJJJJJJJ
KKKKKKKKKKKKKKKKKKKKKKKKK
LLLLLLLLLLLLLLLLLLLLLLLLL
MMMMMMMMMMMMMMMMMMMMMMMMM
NNNNNNNNNNNNNNNNNNNNNNNNN
OOOOOOOOOOOOOOOOOOOOOOOOO
PPPPPPPPPPPPPPPPPPPPPPPPP
QQQQQQQQQQQQQQQQQQQQQQQQQ
RRRRRRRRRRRRRRRRRRRRRRRRR
SSSSSSSSSSSSSSSSSSSSSSSSS
TTTTTTTTTTTTTTTTTTTTTTTTT
UUUUUUUUUUUUUUUUUUUUUUUUU
VVVVVVVVVVVVVVVVVVVVVVVVV
WWWWWWWWWWWWWWWWWWWWWWWWW
XXXXXXXXXXXXXXXXXXXXXXXXX
YYYYYYYYYYYYYYYYYYYYYYYYY
Case #27: 
JJJJJJJJJJJJJJJCCCCCCCCCC
JJJJJJJJJJJJJJJCCCCCCCCCC
BBBBBBBBBBBBBBBBBBBOOOOON
BBBBBBBBBBBBBBBBBBBOOOOON
BBBBBBBBBBBBBBBBBBBOOOOON
BBBBBBBBBBBBBBBBBBBOOOOON
VVVVVVVVVVVVVVVVVVVVVVXXX
VVVVVVVVVVVVVVVVVVVVVVXXX
RRRRRRRRRRRRRRRRRRRRRRRRR
ZZZZZZZZZZZZZZZZZZZZZZZZZ
FFFFFFFFFFFFFFFFFFFFFFFFF
YYYYYYYYYYYYYYYYYYYYYYYYY
UUUUUUUUUUUUUUUUUUUUUUUUU
UUUUUUUUUUUUUUUUUUUUUUUUU
WWWWWWWWWWWEEEEEEEEEEEEEE
IIIIIIIIIIISSSSSSSSSSSSSS
IIIIIIIIIIISSSSSSSSSSSSSS
AAAAAAAAAAAAAAAAAAAAAAAAA
GGGGGGGGGGGGGGDDDDDDDDDDD
GGGGGGGGGGGGGGDDDDDDDDDDD
GGGGGGGGGGGGGGDDDDDDDDDDD
KKKKKKKKKKKKPPPPPPPPPPPPP
TTTTTTTTTTTTTLLLLLLLLLLLL
HHHHHHHHHHHHHHHHHHHHMMMMM
QQQQQQQQQQQQQQQQQQQQQQQQQ
Case #28: 
AAAAAAAAAAAAAAAAAAAAAAAAA
BBBBBBBBBBBBBBBBBBBBBBBBB
CCCCCCCCCCCCCCCCCCCCCCCCC
DDDDDDDDDDDDDDDDDDDDDDDDD
EEEEEEEEEEEEEEEEEEEEEEEEE
FFFFFFFFFFFFFFFFFFFFFFFFF
GGGGGGGGGGGGGGGGGGGGGGGGG
HHHHHHHHHHHHHHHHHHHHHHHHH
IIIIIIIIIIIIIIIIIIIIIIIII
JJJJJJJJJJJJJJJJJJJJJJJJJ
KKKKKKKKKKKKKKKKKKKKKKKKK
LLLLLLLLLLLLLLLLLLLLLLLLL
MMMMMMMMMMMMMMMMMMMMMMMMM
NNNNNNNNNNNNNNNNNNNNNNNNN
OOOOOOOOOOOOOOOOOOOOOOOOO
PPPPPPPPPPPPPPPPPPPPPPPPP
QQQQQQQQQQQQQQQQQQQQQQQQQ
RRRRRRRRRRRRRRRRRRRRRRRRR
SSSSSSSSSSSSSSSSSSSSSSSSS
TTTTTTTTTTTTTTTTTTTTTTTTT
UUUUUUUUUUUUUUUUUUUUUUUUU
VVVVVVVVVVVVVVVVVVVVVVVVV
WWWWWWWWWWWWWWWWWWWWWWWWW
XXXXXXXXXXXXXXXXXXXXXXXXX
YYYYYYYYYYYYYYYYYYYYYYYYY
Case #29: 
AA
AA
Case #30: 
AAAAAAAAAAABBBBBBBBBBBBBB
AAAAAAAAAAABBBBBBBBBBBBBB
AAAAAAAAAAABBBBBBBBBBBBBB
AAAAAAAAAAABBBBBBBBBBBBBB
AAAAAAAAAAABBBBBBBBBBBBBB
AAAAAAAAAAABBBBBBBBBBBBBB
AAAAAAAAAAABBBBBBBBBBBBBB
AAAAAAAAAAABBBBBBBBBBBBBB
AAAAAAAAAAABBBBBBBBBBBBBB
AAAAAAAAAAABBBBBBBBBBBBBB
AAAAAAAAAAABBBBBBBBBBBBBB
AAAAAAAAAAABBBBBBBBBBBBBB
AAAAAAAAAAABBBBBBBBBBBBBB
AAAAAAAAAAABBBBBBBBBBBBBB
AAAAAAAAAAABBBBBBBBBBBBBB
AAAAAAAAAAABBBBBBBBBBBBBB
AAAAAAAAAAABBBBBBBBBBBBBB
AAAAAAAAAAABBBBBBBBBBBBBB
AAAAAAAAAAABBBBBBBBBBBBBB
AAAAAAAAAAABBBBBBBBBBBBBB
AAAAAAAAAAABBBBBBBBBBBBBB
AAAAAAAAAAABBBBBBBBBBBBBB
CCCCCCCCCCCCCCCCCCCCCCCCC
DDDDDDDDDDDDDDDDDDDDDDDDD
EEEEEEEEEEEEEEEEEEEEEEEEE
Case #31: 
WWWWWWHHHHHHHHHHHHHHHHHHH
WWWWWWHHHHHHHHHHHHHHHHHHH
WWWWWWHHHHHHHHHHHHHHHHHHH
FFFFFFFFFFFFFFFFFFFFFFFFF
RRRRRRRRSSSSSSSSSSSSSSSSS
CCCCCCCCCEEEJJJJJJJJJJJJJ
VVVVVVVVVVVVVVVVVVVVVVVVV
YYYYYYYYYYYYYYYYYYYYYYYYY
MMMMMMMMMZZZZZZZZZZZZZZZZ
UUUTTTQQQQQQKKKKKKKKKKKKK
LLLLLLAAAAAAAAAAAAAAAAAAA
BBBBBXXXIIIIIIIIIIIIIIIII
DDDDDDDDDOOOOOOOOOOOOOOOO
PPPPPPPNNNNNNNNNNNNNNNNNN
GGGGGGGGGGGGGGGGGGGGGGGGG
GGGGGGGGGGGGGGGGGGGGGGGGG
GGGGGGGGGGGGGGGGGGGGGGGGG
GGGGGGGGGGGGGGGGGGGGGGGGG
GGGGGGGGGGGGGGGGGGGGGGGGG
GGGGGGGGGGGGGGGGGGGGGGGGG
GGGGGGGGGGGGGGGGGGGGGGGGG
GGGGGGGGGGGGGGGGGGGGGGGGG
GGGGGGGGGGGGGGGGGGGGGGGGG
GGGGGGGGGGGGGGGGGGGGGGGGG
GGGGGGGGGGGGGGGGGGGGGGGGG
Case #32: 
AAAAAAAAAAAAAAAAAAAAAAAAA
AAAAAAAAAAAAAAAAAAAAAAAAA
AAAAAAAAAAAAAAAAAAAAAAAAA
AAAAAAAAAAAAAAAAAAAAAAAAA
AAAAAAAAAAAAAAAAAAAAAAAAA
AAAAAAAAAAAAAAAAAAAAAAAAA
AAAAAAAAAAAAAAAAAAAAAAAAA
AAAAAAAAAAAAAAAAAAAAAAAAA
AAAAAAAAAAAAAAAAAAAAAAAAA
AAAAAAAAAAAAAAAAAAAAAAAAA
AAAAAAAAAAAAAAAAAAAAAAAAA
AAAAAAAAAAAAAAAAAAAAAAAAA
AAAAAAAAAAAAAAAAAAAAAAAAA
AAAAAAAAAAAAAAAAAAAAAAAAA
AAAAAAAAAAAAAAAAAAAAAAAAA
AAAAAAAAAAAAAAAAAAAAAAAAA
AAAAAAAAAAAAAAAAAAAAAAAAA
AAAAAAAAAAAAAAAAAAAAAAAAA
AAAAAAAAAAAAAAAAAAAAAAAAA
AAAAAAAAAAAAAAAAAAAAAAAAA
AAAAAAAAAAAAAAAAAAAAAAAAA
AAAAAAAAAAAAAAAAAAAAAAAAA
AAAAAAAAAAAAAAAAAAAAAAAAA
AAAAAAAAAAAAAAAAAAAAAAAAA
AAAAAAAAAAAAAAAAAAAAAAAAA
Case #33: 
DCA
DCA
EFB
Case #34: 
EEEAA
EEEAA
CCDDB
Case #35: 
ABCDEFGHIJKLMNOPQRSTUVWXY
ABCDEFGHIJKLMNOPQRSTUVWXY
ABCDEFGHIJKLMNOPQRSTUVWXY
ABCDEFGHIJKLMNOPQRSTUVWXY
ABCDEFGHIJKLMNOPQRSTUVWXY
ABCDEFGHIJKLMNOPQRSTUVWXY
ABCDEFGHIJKLMNOPQRSTUVWXY
ABCDEFGHIJKLMNOPQRSTUVWXY
ABCDEFGHIJKLMNOPQRSTUVWXY
ABCDEFGHIJKLMNOPQRSTUVWXY
ABCDEFGHIJKLMNOPQRSTUVWXY
ABCDEFGHIJKLMNOPQRSTUVWXY
ABCDEFGHIJKLMNOPQRSTUVWXY
ABCDEFGHIJKLMNOPQRSTUVWXY
ABCDEFGHIJKLMNOPQRSTUVWXY
ABCDEFGHIJKLMNOPQRSTUVWXY
ABCDEFGHIJKLMNOPQRSTUVWXY
ABCDEFGHIJKLMNOPQRSTUVWXY
ABCDEFGHIJKLMNOPQRSTUVWXY
ABCDEFGHIJKLMNOPQRSTUVWXY
ABCDEFGHIJKLMNOPQRSTUVWXY
ABCDEFGHIJKLMNOPQRSTUVWXY
ABCDEFGHIJKLMNOPQRSTUVWXY
ABCDEFGHIJKLMNOPQRSTUVWXY
ABCDEFGHIJKLMNOPQRSTUVWXY
Case #36: 
DDDDDDDDDDDDDDDDCEEEEEEEE
ZZZZZZZZZZZZZZZHHKKKKKKKK
LLLLLLLLLLLLLLNTTTTBUUUUU
XXXXXXXXXXXXXYIIIIIFFFFFF
AAAAAAAAAAAAAAAAAASSQQQQQ
JJJJJJJJJJJJJJJJJWWPPPPPP
VVVVVVVVVVVVVVVMOOGGGGGGG
RRRRRRRRRRRRRRRRRRRRRRRRR
RRRRRRRRRRRRRRRRRRRRRRRRR
RRRRRRRRRRRRRRRRRRRRRRRRR
RRRRRRRRRRRRRRRRRRRRRRRRR
RRRRRRRRRRRRRRRRRRRRRRRRR
RRRRRRRRRRRRRRRRRRRRRRRRR
RRRRRRRRRRRRRRRRRRRRRRRRR
RRRRRRRRRRRRRRRRRRRRRRRRR
RRRRRRRRRRRRRRRRRRRRRRRRR
RRRRRRRRRRRRRRRRRRRRRRRRR
RRRRRRRRRRRRRRRRRRRRRRRRR
RRRRRRRRRRRRRRRRRRRRRRRRR
RRRRRRRRRRRRRRRRRRRRRRRRR
RRRRRRRRRRRRRRRRRRRRRRRRR
RRRRRRRRRRRRRRRRRRRRRRRRR
RRRRRRRRRRRRRRRRRRRRRRRRR
RRRRRRRRRRRRRRRRRRRRRRRRR
RRRRRRRRRRRRRRRRRRRRRRRRR
Case #37: 
AACCCCCCCCCCCCCCCCCCCCCCC
AACCCCCCCCCCCCCCCCCCCCCCC
AACCCCCCCCCCCCCCCCCCCCCCC
EEEEEEEEEEEEEEEEEEEEEEEEE
EEEEEEEEEEEEEEEEEEEEEEEEE
EEEEEEEEEEEEEEEEEEEEEEEEE
EEEEEEEEEEEEEEEEEEEEEEEEE
BBBDDDDDDDDDDDDDDDDDDDDDD
BBBDDDDDDDDDDDDDDDDDDDDDD
BBBDDDDDDDDDDDDDDDDDDDDDD
BBBDDDDDDDDDDDDDDDDDDDDDD
BBBDDDDDDDDDDDDDDDDDDDDDD
BBBDDDDDDDDDDDDDDDDDDDDDD
BBBDDDDDDDDDDDDDDDDDDDDDD
BBBDDDDDDDDDDDDDDDDDDDDDD
BBBDDDDDDDDDDDDDDDDDDDDDD
BBBDDDDDDDDDDDDDDDDDDDDDD
BBBDDDDDDDDDDDDDDDDDDDDDD
BBBDDDDDDDDDDDDDDDDDDDDDD
FFFFFFFFFFFFFFFFFFFFFFFFG
HHHHHHHHHHHHHHHHHHHHHHHHH
IIIIIIIIIIIIIIIIIIIIIIIII
JJJJJJJJJJJJJJJJJJJJJJJJJ
JJJJJJJJJJJJJJJJJJJJJJJJJ
JJJJJJJJJJJJJJJJJJJJJJJJJ
Case #38: 
AAAAAAAAAAAAACCCCCCCCCCCC
AAAAAAAAAAAAACCCCCCCCCCCC
AAAAAAAAAAAAACCCCCCCCCCCC
AAAAAAAAAAAAACCCCCCCCCCCC
AAAAAAAAAAAAACCCCCCCCCCCC
AAAAAAAAAAAAACCCCCCCCCCCC
AAAAAAAAAAAAACCCCCCCCCCCC
AAAAAAAAAAAAACCCCCCCCCCCC
AAAAAAAAAAAAACCCCCCCCCCCC
AAAAAAAAAAAAACCCCCCCCCCCC
AAAAAAAAAAAAACCCCCCCCCCCC
AAAAAAAAAAAAACCCCCCCCCCCC
EEEEEEEEEEEEEEEEEEEEEEEEE
EEEEEEEEEEEEEEEEEEEEEEEEE
EEEEEEEEEEEEEEEEEEEEEEEEE
EEEEEEEEEEEEEEEEEEEEEEEEE
BBBBBBBBBBBBBBDDDDDDDDDDD
BBBBBBBBBBBBBBDDDDDDDDDDD
BBBBBBBBBBBBBBDDDDDDDDDDD
BBBBBBBBBBBBBBDDDDDDDDDDD
BBBBBBBBBBBBBBDDDDDDDDDDD
BBBBBBBBBBBBBBDDDDDDDDDDD
BBBBBBBBBBBBBBDDDDDDDDDDD
BBBBBBBBBBBBBBDDDDDDDDDDD
BBBBBBBBBBBBBBDDDDDDDDDDD
Case #39: 
QQQQBBBBBBBBBBBBBBBBBBBBB
QQQQBBBBBBBBBBBBBBBBBBBBB
QQQQBBBBBBBBBBBBBBBBBBBBB
QQQQBBBBBBBBBBBBBBBBBBBBB
QQQQBBBBBBBBBBBBBBBBBBBBB
QQQQBBBBBBBBBBBBBBBBBBBBB
QQQQBBBBBBBBBBBBBBBBBBBBB
QQQQBBBBBBBBBBBBBBBBBBBBB
QQQQBBBBBBBBBBBBBBBBBBBBB
QQQQBBBBBBBBBBBBBBBBBBBBB
CKKKAVUUUUUUUUUUUUUUUUUUU
SSSJJJRRRRRRRRRRRRRRRRRRR
HHHZGMFWWWWWWWWWWWWWWWWWW
XXLDEEIIIIIIIIIIIIIIIIIII
PPPPPPPPPPPPPPPPPPPPPPPPP
OOOONTTTTTTTTTTTTTTTTTTTT
YYYYYYYYYYYYYYYYYYYYYYYYY
YYYYYYYYYYYYYYYYYYYYYYYYY
YYYYYYYYYYYYYYYYYYYYYYYYY
YYYYYYYYYYYYYYYYYYYYYYYYY
YYYYYYYYYYYYYYYYYYYYYYYYY
YYYYYYYYYYYYYYYYYYYYYYYYY
YYYYYYYYYYYYYYYYYYYYYYYYY
YYYYYYYYYYYYYYYYYYYYYYYYY
YYYYYYYYYYYYYYYYYYYYYYYYY
Case #40: 
AAAAAAAAAAAAAAAABBBBBBBBB
AAAAAAAAAAAAAAAABBBBBBBBB
AAAAAAAAAAAAAAAABBBBBBBBB
AAAAAAAAAAAAAAAABBBBBBBBB
AAAAAAAAAAAAAAAABBBBBBBBB
CCCCCCCCCCCCCCCCCCCCCCCCC
DDDDDDDDDDDDDDDDDDDDDDDDD
EEEEEEEEEEEEEEEEEEEEEEEEE
EEEEEEEEEEEEEEEEEEEEEEEEE
EEEEEEEEEEEEEEEEEEEEEEEEE
EEEEEEEEEEEEEEEEEEEEEEEEE
EEEEEEEEEEEEEEEEEEEEEEEEE
EEEEEEEEEEEEEEEEEEEEEEEEE
EEEEEEEEEEEEEEEEEEEEEEEEE
EEEEEEEEEEEEEEEEEEEEEEEEE
EEEEEEEEEEEEEEEEEEEEEEEEE
EEEEEEEEEEEEEEEEEEEEEEEEE
EEEEEEEEEEEEEEEEEEEEEEEEE
EEEEEEEEEEEEEEEEEEEEEEEEE
EEEEEEEEEEEEEEEEEEEEEEEEE
EEEEEEEEEEEEEEEEEEEEEEEEE
EEEEEEEEEEEEEEEEEEEEEEEEE
EEEEEEEEEEEEEEEEEEEEEEEEE
EEEEEEEEEEEEEEEEEEEEEEEEE
EEEEEEEEEEEEEEEEEEEEEEEEE
Case #41: 
MMMMMMMMMMMMMMMMMMMMMMMM
CCCCCCCCCCCPPPPPPPPPPPPP
CCCCCCCCCCCPPPPPPPPPPPPP
VVVVVVVVVVVVVVVVVVVVVVVV
TTTTTTTTTTTTTTTHHHHHHHHH
BBBBBBBBBBBBBBBBBBBBBBBB
GGGGGGGGGGGGGGGGGGGGGGGG
EEEEEEEEEEEEEEEEEEEEEEEE
EEEEEEEEEEEEEEEEEEEEEEEE
XXXXXXXXXXXXXXXXXXXXXXXX
AAAAAAAAAAAAAAAAAAALLLLL
AAAAAAAAAAAAAAAAAAALLLLL
AAAAAAAAAAAAAAAAAAALLLLL
AAAAAAAAAAAAAAAAAAALLLLL
AAAAAAAAAAAAAAAAAAALLLLL
OOOOOOOOOOOOOOIIIIIIIIII
UUUUUUUUUUUUUUUUUURRRRRR
YYYYYYYYYYYYYYYYYYYYYWWW
YYYYYYYYYYYYYYYYYYYYYWWW
NNNNNNNNNNNNNNNNNQQQQQQK
NNNNNNNNNNNNNNNNNQQQQQQK
SSSSSSSSSSSSSSSSSSSSSSSS
FFFFFFFFFFFFFFFFFFFFFFFF
JJJJJJJJJJJJJJJJJJDDDDDD
JJJJJJJJJJJJJJJJJJDDDDDD
Case #42: 
CA
BB
Case #43: 
A
Case #44: 
GGGGGGGGGGGGGGGGGGGGGGGGG
GGGGGGGGGGGGGGGGGGGGGGGGG
GGGGGGGGGGGGGGGGGGGGGGGGG
GGGGGGGGGGGGGGGGGGGGGGGGG
GGGGGGGGGGGGGGGGGGGGGGGGG
GGGGGGGGGGGGGGGGGGGGGGGGG
ZZZZZZZZZZZZZZZZZZZZZRRRR
OOOOOOOOOOOOOOOOOOOOAIIEE
DDDDDDDDDDDDDDDDDCCCBVJJJ
HHHHHHHHHHHHHHHHHHYYFFLPP
XXXXXXXXXXXXXXXXXXXXXXSKK
UUUUUUUUUUUUUUUUUUUUUWTTT
QQQQQQQQQQQQQQQQQQQQNNNNN
MMMMMMMMMMMMMMMMMMMMMMMMM
MMMMMMMMMMMMMMMMMMMMMMMMM
MMMMMMMMMMMMMMMMMMMMMMMMM
MMMMMMMMMMMMMMMMMMMMMMMMM
MMMMMMMMMMMMMMMMMMMMMMMMM
MMMMMMMMMMMMMMMMMMMMMMMMM
MMMMMMMMMMMMMMMMMMMMMMMMM
MMMMMMMMMMMMMMMMMMMMMMMMM
MMMMMMMMMMMMMMMMMMMMMMMMM
MMMMMMMMMMMMMMMMMMMMMMMMM
MMMMMMMMMMMMMMMMMMMMMMMMM
MMMMMMMMMMMMMMMMMMMMMMMMM
Case #45: 
AAAAAAAAAAAAAAAAAAAAAAAAA
BBBBBBBBBBBBBBBBBBBBBBBBB
CCCCCCCCCCCCCCCCCCCCCCCCC
DDDDDDDDDDDDDDDDDDDDDDDDD
EEEEEEEEEEEEEEEEEEEEEEEEE
FFFFFFFFFFFFFFFFFFFFFFFFF
GGGGGGGGGGGGGGGGGGGGGGGGG
HHHHHHHHHHHHHHHHHHHHHHHHH
IIIIIIIIIIIIIIIIIIIIIIIII
JJJJJJJJJJJJJJJJJJJJJJJJJ
KKKKKKKKKKKKKKKKKKKKKKKKK
LLLLLLLLLLLLLLLLLLLLLLLLL
MMMMMMMMMMMMMMMMMMMMMMMMM
NNNNNNNNNNNNNNNNNNNNNNNNN
OOOOOOOOOOOOOOOOOOOOOOOOO
PPPPPPPPPPPPPPPPPPPPPPPPP
QQQQQQQQQQQQQQQQQQQQQQQQQ
RRRRRRRRRRRRRRRRRRRRRRRRR
SSSSSSSSSSSSSSSSSSSSSSSSS
TTTTTTTTTTTTTTTTTTTTTTTTT
UUUUUUUUUUUUUUUUUUUUUUUUU
VVVVVVVVVVVVVVVVVVVVVVVVV
WWWWWWWWWWWWWWWWWWWWWWWWW
XXXXXXXXXXXXXXXXXXXXXXXXX
YYYYYYYYYYYYYYYYYYYYYYYYY
Case #46: 
ABCDEFGHIJKLMNOPQRSTUVWXY
ABCDEFGHIJKLMNOPQRSTUVWXY
ABCDEFGHIJKLMNOPQRSTUVWXY
ABCDEFGHIJKLMNOPQRSTUVWXY
ABCDEFGHIJKLMNOPQRSTUVWXY
ABCDEFGHIJKLMNOPQRSTUVWXY
ABCDEFGHIJKLMNOPQRSTUVWXY
ABCDEFGHIJKLMNOPQRSTUVWXY
ABCDEFGHIJKLMNOPQRSTUVWXY
ABCDEFGHIJKLMNOPQRSTUVWXY
ABCDEFGHIJKLMNOPQRSTUVWXY
ABCDEFGHIJKLMNOPQRSTUVWXY
ABCDEFGHIJKLMNOPQRSTUVWXY
ABCDEFGHIJKLMNOPQRSTUVWXY
ABCDEFGHIJKLMNOPQRSTUVWXY
ABCDEFGHIJKLMNOPQRSTUVWXY
ABCDEFGHIJKLMNOPQRSTUVWXY
ABCDEFGHIJKLMNOPQRSTUVWXY
ABCDEFGHIJKLMNOPQRSTUVWXY
ABCDEFGHIJKLMNOPQRSTUVWXY
ABCDEFGHIJKLMNOPQRSTUVWXY
ABCDEFGHIJKLMNOPQRSTUVWXY
ABCDEFGHIJKLMNOPQRSTUVWXY
ABCDEFGHIJKLMNOPQRSTUVWXY
ABCDEFGHIJKLMNOPQRSTUVWXY
Case #47: 
A
B
Case #48: 
UUUUUUUUUUUUUUUUUUUUUUUUU
UUUUUUUUUUUUUUUUUUUUUUUUU
UUUUUUUUUUUUUUUUUUUUUUUUU
UUUUUUUUUUUUUUUUUUUUUUUUU
UUUUUUUUUUUUUUUUUUUUUUUUU
UUUUUUUUUUUUUUUUUUUUUUUUU
UUUUUUUUUUUUUUUUUUUUUUUUU
UUUUUUUUUUUUUUUUUUUUUUUUU
UUUUUUUUUUUUUUUUUUUUUUUUU
UUUUUUUUUUUUUUUUUUUUUUUUU
UUUUUUUUUUUUUUUUUUUUUUUUU
UUUUUUUUUUUUUUUUUUUUUUUUU
UUUUUUUUUUUUUUUUUUUUUUUUU
UUUUUUUUUUUUUUUUUUUUUUUUU
UUUUUUUUUUUUUUUUUUUUUUUUU
UUUUUUUUUUUUUUUUUUUUUUUUU
NNNNNNNNSSDDDDDDDDDDDDDDD
FFFFFFFVVVGGGGGGGGGGGGGGG
LLLLBHHEYWWWWWWWWWWWWWWWW
AAAAQPPPICTOOOOOOOOOOOOOO
KKKKKKKMRJJJJJJJJJJJJJJJJ
KKKKKKKMRJJJJJJJJJJJJJJJJ
XXXXXXXZZZZZZZZZZZZZZZZZZ
XXXXXXXZZZZZZZZZZZZZZZZZZ
XXXXXXXZZZZZZZZZZZZZZZZZZ
Case #49: 
ECCC
AAAA
DDDB
Case #50: 
AAAAAAAAAAAAAAAAAAAACCCCC
EEEEEEEEEEEEEEEEEEEEEEEEE
EEEEEEEEEEEEEEEEEEEEEEEEE
EEEEEEEEEEEEEEEEEEEEEEEEE
EEEEEEEEEEEEEEEEEEEEEEEEE
BBBBBBBBBBBBBBBBBBBBBDDDD
BBBBBBBBBBBBBBBBBBBBBDDDD
BBBBBBBBBBBBBBBBBBBBBDDDD
BBBBBBBBBBBBBBBBBBBBBDDDD
BBBBBBBBBBBBBBBBBBBBBDDDD
BBBBBBBBBBBBBBBBBBBBBDDDD
BBBBBBBBBBBBBBBBBBBBBDDDD
BBBBBBBBBBBBBBBBBBBBBDDDD
BBBBBBBBBBBBBBBBBBBBBDDDD
BBBBBBBBBBBBBBBBBBBBBDDDD
BBBBBBBBBBBBBBBBBBBBBDDDD
BBBBBBBBBBBBBBBBBBBBBDDDD
BBBBBBBBBBBBBBBBBBBBBDDDD
BBBBBBBBBBBBBBBBBBBBBDDDD
BBBBBBBBBBBBBBBBBBBBBDDDD
BBBBBBBBBBBBBBBBBBBBBDDDD
BBBBBBBBBBBBBBBBBBBBBDDDD
BBBBBBBBBBBBBBBBBBBBBDDDD
BBBBBBBBBBBBBBBBBBBBBDDDD
BBBBBBBBBBBBBBBBBBBBBDDDD
Case #51: 
FFDWWWTTTTTSSSSSSSSSSSSSS
LLUUHHHRRAAAAAAAAAAAAAAAA
XXXXVMKBBJJJJJJJJJJJJJJJJ
QQQQQCCOOOOOOOOOOOOOOOOOO
IIIIIGGGGGGGGGGGGGGGGGGGG
ZZZZYEEEEEEEEEEEEEEEEEEEE
PPPPPPPPPPPPPPPPPPPPPPPPP
NNNNNNNNNNNNNNNNNNNNNNNNN
NNNNNNNNNNNNNNNNNNNNNNNNN
NNNNNNNNNNNNNNNNNNNNNNNNN
NNNNNNNNNNNNNNNNNNNNNNNNN
NNNNNNNNNNNNNNNNNNNNNNNNN
NNNNNNNNNNNNNNNNNNNNNNNNN
NNNNNNNNNNNNNNNNNNNNNNNNN
NNNNNNNNNNNNNNNNNNNNNNNNN
NNNNNNNNNNNNNNNNNNNNNNNNN
NNNNNNNNNNNNNNNNNNNNNNNNN
NNNNNNNNNNNNNNNNNNNNNNNNN
NNNNNNNNNNNNNNNNNNNNNNNNN
NNNNNNNNNNNNNNNNNNNNNNNNN
NNNNNNNNNNNNNNNNNNNNNNNNN
NNNNNNNNNNNNNNNNNNNNNNNNN
NNNNNNNNNNNNNNNNNNNNNNNNN
NNNNNNNNNNNNNNNNNNNNNNNNN
NNNNNNNNNNNNNNNNNNNNNNNNN
Case #52: 
HHHHHH
EIIIII
GAMMMM
KFDOOO
LNCCCC
BJJJJJ
Case #53: 
AAAAAAAAAAAAACCCCCCCCCCCC
EEEEEEEEEEEEEEEEEEEEEEEEE
EEEEEEEEEEEEEEEEEEEEEEEEE
EEEEEEEEEEEEEEEEEEEEEEEEE
EEEEEEEEEEEEEEEEEEEEEEEEE
BBBBBBBBBBBBBBDDDDDDDDDDD
BBBBBBBBBBBBBBDDDDDDDDDDD
BBBBBBBBBBBBBBDDDDDDDDDDD
BBBBBBBBBBBBBBDDDDDDDDDDD
BBBBBBBBBBBBBBDDDDDDDDDDD
BBBBBBBBBBBBBBDDDDDDDDDDD
BBBBBBBBBBBBBBDDDDDDDDDDD
BBBBBBBBBBBBBBDDDDDDDDDDD
BBBBBBBBBBBBBBDDDDDDDDDDD
BBBBBBBBBBBBBBDDDDDDDDDDD
BBBBBBBBBBBBBBDDDDDDDDDDD
BBBBBBBBBBBBBBDDDDDDDDDDD
BBBBBBBBBBBBBBDDDDDDDDDDD
BBBBBBBBBBBBBBDDDDDDDDDDD
BBBBBBBBBBBBBBDDDDDDDDDDD
BBBBBBBBBBBBBBDDDDDDDDDDD
BBBBBBBBBBBBBBDDDDDDDDDDD
BBBBBBBBBBBBBBDDDDDDDDDDD
BBBBBBBBBBBBBBDDDDDDDDDDD
BBBBBBBBBBBBBBDDDDDDDDDDD
Case #54: 
CZ
JJ
NN
KK
II
II
QE
QE
BU
TT
XX
WM
VV
OL
GG
YA
YA
YA
YA
FF
DD
SS
SS
RP
HH
Case #55: 
G
G
G
M
D
E
I
I
H
H
H
F
J
C
B
B
K
A
L
L
L
L
L
L
L
Case #56: 
AAAAAAAAAAAAAAAAAAAAAAGGG
AAAAAAAAAAAAAAAAAAAAAAGGG
AAAAAAAAAAAAAAAAAAAAAAGGG
FFFFFFFFFFFFFFFFFFFFFFFFF
NNNNNNNNNNNNNNNNNNNNNNNRR
VVVVVVVVVVVVVVVVVVVVVVVVV
LLLLLLLLLLLLLLLLLLLLLLLLW
SSSSSSSSSSSSSSSSSSSSSSSSS
XXXXXXXXXXXXXXXXXXXXXXXXX
UUUUUUUUUUUUUUUPPPPPPPPPP
OOOOOOOOOOOOOOOOOOOOOOOOO
DDDDDDDDDDDDDDDDDDDDDDDDD
DDDDDDDDDDDDDDDDDDDDDDDDD
IIIIIIIIIIIIIIIIIIIIIIIII
HHHHHHHHHHHHHHHHHHHHHHHBB
HHHHHHHHHHHHHHHHHHHHHHHBB
YYYYYYYYYYYYYYYYYYYYYYYYY
YYYYYYYYYYYYYYYYYYYYYYYYY
ZZZZZZZEEEEEEEEEEEEEEEEEE
ZZZZZZZEEEEEEEEEEEEEEEEEE
TTTTTTTTTTTTTTTTTTTTTTTTT
KKKKKKKKKKKKKKKKKKKKKKKKK
CCCCCCCCCCCCCCCCCCCCCCCCC
QQQQQQQQQQQQQQQQJJJJJJJJJ
MMMMMMMMMMMMMMMMMMMMMMMMM
Case #57: 
JJJJJJJJJJJJJJJJJJJJJJJJJ
NNNNNNNNNNNNNNNNNNNPPPPPP
DDDDDDDDDDDDDDDDDDDDDDDDD
GGGGGGGGGGGGGGGGGGGGGAAAA
GGGGGGGGGGGGGGGGGGGGGAAAA
SSSSSSSSSSSSSSSSSSSSSSSSS
EEEEEEEEEEEEEEEEEEEEEEEEE
RRRRRRRRRRRRRRRRRRRRRRRRR
UUUKKKKKKKKKKKKKKKKKKKKKK
IIIIIIIIIIIIIIIIIIIIIIIII
HHHHHHHHHHHHHHHHHHHHHHHHH
OOOOOOOOOOOOOOOOOOOOOOFFF
OOOOOOOOOOOOOOOOOOOOOOFFF
MMMMMMMMMQQQQQQQQQQQQQQQQ
TTTTTTTTTTTTTTTTTTTTTTTTT
WWWWWWWWWWWWWWWWWWWWWWWWW
ZZZZZZZYYYYYCCCCCCCCCCCCC
ZZZZZZZYYYYYCCCCCCCCCCCCC
ZZZZZZZYYYYYCCCCCCCCCCCCC
ZZZZZZZYYYYYCCCCCCCCCCCCC
ZZZZZZZYYYYYCCCCCCCCCCCCC
ZZZZZZZYYYYYCCCCCCCCCCCCC
BBBBBBBBBBBBBBBBBBBBBBBBB
BBBBBBBBBBBBBBBBBBBBBBBBB
XXXXXXXXXXLLLLVVVVVVVVVVV
Case #58: 
AAAAAAAAAAAAAAAAAAAAAAAAA
BBBBBBBBBBBBBBBBBBBBBBBBB
CCCCCCCCCCCCCCCCCCCCCCCCC
DDDDDDDDDDDDDDDDDDDDDDDDD
EEEEEEEEEEEEEEEEEEEEEEEEE
FFFFFFFFFFFFFFFFFFFFFFFFF
GGGGGGGGGGGGGGGGGGGGGGGGG
HHHHHHHHHHHHHHHHHHHHHHHHH
IIIIIIIIIIIIIIIIIIIIIIIII
JJJJJJJJJJJJJJJJJJJJJJJJJ
KKKKKKKKKKKKKKKKKKKKKKKKK
LLLLLLLLLLLLLLLLLLLLLLLLL
MMMMMMMMMMMMMMMMMMMMMMMMM
NNNNNNNNNNNNNNNNNNNNNNNNN
OOOOOOOOOOOOOOOOOOOOOOOOO
PPPPPPPPPPPPPPPPPPPPPPPPP
QQQQQQQQQQQQQQQQQQQQQQQQQ
RRRRRRRRRRRRRRRRRRRRRRRRR
SSSSSSSSSSSSSSSSSSSSSSSSS
TTTTTTTTTTTTTTTTTTTTTTTTT
UUUUUUUUUUUUUUUUUUUUUUUUU
VVVVVVVVVVVVVVVVVVVVVVVVV
WWWWWWWWWWWWWWWWWWWWWWWWW
XXXXXXXXXXXXXXXXXXXXXXXXX
YYYYYYYYYYYYYYYYYYYYYYYYY
Case #59: 
EEEEEEEEYRRRRRRRRRRRRRRRR
HHHHHHHHHHHHHHHHHHHHHHHHH
NNNNNPPPPPPPPPPPPGGGGGGGG
NNNNNPPPPPPPPPPPPGGGGGGGG
VVVVVVVVVVVVVVOOOOOOOOOOO
VVVVVVVVVVVVVVOOOOOOOOOOO
IIIIIIIIIIIIIIIIIIIIIIIII
ZZZZZZZZZZZZZZZZZZZZZZZZZ
SSSSSSSSSSSSSSSSSSSSSSSSS
UUUUUUUUUUUUUUUUUUUUUUUFF
CCCCCCCCCCCCCCCCCWWWWWWWW
BBBBBBBBBBBBBBBBBBBBBBBBB
KKKKKKKKKKKKKKKKKKKKKKKKK
DDDDDDDDDDDDDDDDDDDDDDDDD
AAAAAAAAAAAAAAAAAAAAAAAAA
AAAAAAAAAAAAAAAAAAAAAAAAA
AAAAAAAAAAAAAAAAAAAAAAAAA
AAAAAAAAAAAAAAAAAAAAAAAAA
QQQQQQQQQQQQQQQQQQQQQQQQQ
QQQQQQQQQQQQQQQQQQQQQQQQQ
XXXXXXXXXXXXXXXMMMMMMMMMM
JJJJJJJJJJJJJJJJJJJJJJJJJ
JJJJJJJJJJJJJJJJJJJJJJJJJ
LLLLLLLLLLLLLLLLLLLLLLLLL
TTTTTTTTTTTTTTTTTTTTTTTTT
Case #60: 
AAAAAACCCCCCCCCCCCCCCCCCC
AAAAAACCCCCCCCCCCCCCCCCCC
AAAAAACCCCCCCCCCCCCCCCCCC
AAAAAACCCCCCCCCCCCCCCCCCC
EEEEEEEEEEEEEEEEEEEEEEEEE
EEEEEEEEEEEEEEEEEEEEEEEEE
EEEEEEEEEEEEEEEEEEEEEEEEE
EEEEEEEEEEEEEEEEEEEEEEEEE
BBBBBBBDDDDDDDDDDDDDDDDDD
BBBBBBBDDDDDDDDDDDDDDDDDD
BBBBBBBDDDDDDDDDDDDDDDDDD
BBBBBBBDDDDDDDDDDDDDDDDDD
BBBBBBBDDDDDDDDDDDDDDDDDD
FFFFFFFFFFFFFFFFFFFFFGGGG
HHHHHHHHHHHHHHHHHHHHHHHHH
IIIIIIIIIIIIIIIIIIIIIIIII
JJJJJJJJJJJJJJJJJJJJJJJJJ
JJJJJJJJJJJJJJJJJJJJJJJJJ
JJJJJJJJJJJJJJJJJJJJJJJJJ
JJJJJJJJJJJJJJJJJJJJJJJJJ
JJJJJJJJJJJJJJJJJJJJJJJJJ
JJJJJJJJJJJJJJJJJJJJJJJJJ
JJJJJJJJJJJJJJJJJJJJJJJJJ
JJJJJJJJJJJJJJJJJJJJJJJJJ
JJJJJJJJJJJJJJJJJJJJJJJJJ
Case #61: 
AAAAAAAABBBBBBBBBBBBBBBBB
AAAAAAAABBBBBBBBBBBBBBBBB
CCCCCCCCCCCCCCCCCCCCCCCCC
DDDDDDDDDDDDDDDDDDDDDDDDD
EEEEEEEEEEEEEEEEEEEEEEEEE
EEEEEEEEEEEEEEEEEEEEEEEEE
EEEEEEEEEEEEEEEEEEEEEEEEE
EEEEEEEEEEEEEEEEEEEEEEEEE
EEEEEEEEEEEEEEEEEEEEEEEEE
EEEEEEEEEEEEEEEEEEEEEEEEE
EEEEEEEEEEEEEEEEEEEEEEEEE
EEEEEEEEEEEEEEEEEEEEEEEEE
EEEEEEEEEEEEEEEEEEEEEEEEE
EEEEEEEEEEEEEEEEEEEEEEEEE
EEEEEEEEEEEEEEEEEEEEEEEEE
EEEEEEEEEEEEEEEEEEEEEEEEE
FFFFFFFFFFFFFFFFFFFFFFHHH
JJJJJJJJJJJJJJJJJJJJJJJJJ
JJJJJJJJJJJJJJJJJJJJJJJJJ
JJJJJJJJJJJJJJJJJJJJJJJJJ
JJJJJJJJJJJJJJJJJJJJJJJJJ
GGGGGGGGGGGGGGGGGGGGGGGII
GGGGGGGGGGGGGGGGGGGGGGGII
GGGGGGGGGGGGGGGGGGGGGGGII
GGGGGGGGGGGGGGGGGGGGGGGII
Case #62: 
LLLLLLLLLLLLLLLLLLLLLLLLL
LLLLLLLLLLLLLLLLLLLLLLLLL
LLLLLLLLLLLLLLLLLLLLLLLLL
LLLLLLLLLLLLLLLLLLLLLLLLL
LLLLLLLLLLLLLLLLLLLLLLLLL
LLLLLLLLLLLLLLLLLLLLLLLLL
LLLLLLLLLLLLLLLLLLLLLLLLL
LLLLLLLLLLLLLLLLLLLLLLLLL
LLLLLLLLLLLLLLLLLLLLLLLLL
LLLLLLLLLLLLLLLLLLLLLLLLL
LLLLLLLLLLLLLLLLLLLLLLLLL
LLLLLLLLLLLLLLLLLLLLLLLLL
LLLLLLLLLLLLLLLLLLLLLLLLL
LLLLLLLLLLLLLLLLLLLLLLLLL
OOOOOOOOOOOOOOOOOOOOOOOOO
AAAAAAAAAHHHHHHHHHHHHHHHH
XXXXXXXXXXXXXXXXXXXXXXXXX
PPPPPPPPPPGGGGGGGGGGGGGGG
EEEEEQQTTRRUUUUUUUUUUUUUU
BBBBBCMMMMMMMSSSSSSSSSSSS
KKKVVVNNNNNWWWWWWWWWWWWWW
ZZZZZZZZZZZZZZZZZZZZZZZZZ
ZZZZZZZZZZZZZZZZZZZZZZZZZ
YYYYYYYYDDDDDDDDDDDDDDDDD
FFFFFFFJIIIIIIIIIIIIIIIII
Case #63: 
DDDDDDDDDDCCCCCCCCCCCCCCC
DDDDDDDDDDCCCCCCCCCCCCCCC
UUUUUUUUUUUUUUUUUUUUUUUUU
OOOOOOOOOOOOOOOOOOOOOOOOO
PPPPPPPPPPPPPPPPPPPPPPPPP
KKKKKKKKKKKKKKKKKKKKKKKKK
TTTTTTTTTTTTTTTTTTTTTTTTT
TTTTTTTTTTTTTTTTTTTTTTTTT
ZZZZZZZZZZZZZZZZZZZZZZZZZ
IIIIIIIIIIIIIIIIXXXNNNNNN
JJJJJJJJJJJJJJJJJVVVVVVVV
JJJJJJJJJJJJJJJJJVVVVVVVV
JJJJJJJJJJJJJJJJJVVVVVVVV
RRRRRRRRRRRRRRRRRRRRRRRRR
QQQQQQQQQQQQQQQQQQQQQQQQQ
LLLLLLLLLGHHHHHHHHHHHHHHH
LLLLLLLLLGHHHHHHHHHHHHHHH
LLLLLLLLLGHHHHHHHHHHHHHHH
LLLLLLLLLGHHHHHHHHHHHHHHH
LLLLLLLLLGHHHHHHHHHHHHHHH
BBBBBBBBBBBBBBBBBBBBBBBBB
YYYYYYYYYYYYYYYYYYYYYYYYY
FFFFFFFFFFFFFFFFFFFFFFWSS
MMMMMMMMMMMMMMMMMMMMMMMMM
AAAAAAAAAAAAAAAAAAAAAAAAE
Case #64: 
AACCCCCCCCCCCCCCCCCCCCCCC
AACCCCCCCCCCCCCCCCCCCCCCC
AACCCCCCCCCCCCCCCCCCCCCCC
AACCCCCCCCCCCCCCCCCCCCCCC
AACCCCCCCCCCCCCCCCCCCCCCC
AACCCCCCCCCCCCCCCCCCCCCCC
AACCCCCCCCCCCCCCCCCCCCCCC
EEEEEEEEEEEEEEEEEEEEEEEEE
EEEEEEEEEEEEEEEEEEEEEEEEE
EEEEEEEEEEEEEEEEEEEEEEEEE
EEEEEEEEEEEEEEEEEEEEEEEEE
BBBDDDDDDDDDDDDDDDDDDDDDD
BBBDDDDDDDDDDDDDDDDDDDDDD
BBBDDDDDDDDDDDDDDDDDDDDDD
BBBDDDDDDDDDDDDDDDDDDDDDD
FFFFFFFFFFFFFFFFFFGGGGGGG
HHHHHHHHHHHHHHHHHHHHHHHHH
IIIIIIIIIIIIIIIIIIIIIIIII
JJJJJJJJJJJJJJJJJJJJJJJJJ
JJJJJJJJJJJJJJJJJJJJJJJJJ
JJJJJJJJJJJJJJJJJJJJJJJJJ
JJJJJJJJJJJJJJJJJJJJJJJJJ
JJJJJJJJJJJJJJJJJJJJJJJJJ
JJJJJJJJJJJJJJJJJJJJJJJJJ
JJJJJJJJJJJJJJJJJJJJJJJJJ
Case #65: 
AAAA
AAAA
AAAA
AAAA
AAAA
AAAA
Case #66: 
AAA
BBB
BBB
BBB
BBB
Case #67: 
BA
Case #68: 
ABCDEFGHIJKLMNOPQRSTUVWXY
ABCDEFGHIJKLMNOPQRSTUVWXY
ABCDEFGHIJKLMNOPQRSTUVWXY
ABCDEFGHIJKLMNOPQRSTUVWXY
ABCDEFGHIJKLMNOPQRSTUVWXY
ABCDEFGHIJKLMNOPQRSTUVWXY
ABCDEFGHIJKLMNOPQRSTUVWXY
ABCDEFGHIJKLMNOPQRSTUVWXY
ABCDEFGHIJKLMNOPQRSTUVWXY
ABCDEFGHIJKLMNOPQRSTUVWXY
ABCDEFGHIJKLMNOPQRSTUVWXY
ABCDEFGHIJKLMNOPQRSTUVWXY
ABCDEFGHIJKLMNOPQRSTUVWXY
ABCDEFGHIJKLMNOPQRSTUVWXY
ABCDEFGHIJKLMNOPQRSTUVWXY
ABCDEFGHIJKLMNOPQRSTUVWXY
ABCDEFGHIJKLMNOPQRSTUVWXY
ABCDEFGHIJKLMNOPQRSTUVWXY
ABCDEFGHIJKLMNOPQRSTUVWXY
ABCDEFGHIJKLMNOPQRSTUVWXY
ABCDEFGHIJKLMNOPQRSTUVWXY
ABCDEFGHIJKLMNOPQRSTUVWXY
ABCDEFGHIJKLMNOPQRSTUVWXY
ABCDEFGHIJKLMNOPQRSTUVWXY
ABCDEFGHIJKLMNOPQRSTUVWXY
Case #69: 
AAAAAABBBBBBBBBBBBBBBBBBB
AAAAAABBBBBBBBBBBBBBBBBBB
AAAAAABBBBBBBBBBBBBBBBBBB
AAAAAABBBBBBBBBBBBBBBBBBB
CCCCCCCCCCCCCCCCCCCCCCCCC
DDDDDDDDDDDDDDDDDDDDDDDDD
EEEEEEEEEEEEEEEEEEEEEEEEE
EEEEEEEEEEEEEEEEEEEEEEEEE
EEEEEEEEEEEEEEEEEEEEEEEEE
EEEEEEEEEEEEEEEEEEEEEEEEE
EEEEEEEEEEEEEEEEEEEEEEEEE
EEEEEEEEEEEEEEEEEEEEEEEEE
EEEEEEEEEEEEEEEEEEEEEEEEE
EEEEEEEEEEEEEEEEEEEEEEEEE
EEEEEEEEEEEEEEEEEEEEEEEEE
EEEEEEEEEEEEEEEEEEEEEEEEE
EEEEEEEEEEEEEEEEEEEEEEEEE
EEEEEEEEEEEEEEEEEEEEEEEEE
EEEEEEEEEEEEEEEEEEEEEEEEE
EEEEEEEEEEEEEEEEEEEEEEEEE
EEEEEEEEEEEEEEEEEEEEEEEEE
EEEEEEEEEEEEEEEEEEEEEEEEE
EEEEEEEEEEEEEEEEEEEEEEEEE
EEEEEEEEEEEEEEEEEEEEEEEEE
EEEEEEEEEEEEEEEEEEEEEEEEE
Case #70: 
ZONNNGGQQVVVVVVVKEEHPPDLC
XXXXXBRFWMUUUYYYAAITSSJJJ
Case #71: 
RRRRRRRRRRMLLLLLLLLLLLLLL
BBBBBBBBBBBBBBBBBBBBBBBBB
ZZZZZZZZZZZZZZZZZZZZZZZZZ
QQQQQQQQQQQQQQQQQQQQQQQQQ
WWWWWWWWWWWWWWWWWWWWWWWWW
WWWWWWWWWWWWWWWWWWWWWWWWW
KKKKKKKKKKKKKKKKKKKKKKKKK
VVVVVVVVVVVVVVVVVVVVVJJJJ
VVVVVVVVVVVVVVVVVVVVVJJJJ
SSSSSSSSSSSSSOOGGGGGGGGGG
NNNNNNNNNNNNNNNNNNNNNNNNA
HHHHHHHHHHHHHHHHHHHHHHHFF
HHHHHHHHHHHHHHHHHHHHHHHFF
HHHHHHHHHHHHHHHHHHHHHHHFF
PPPPPPPPPPPIIIIIIIIIIIIIT
PPPPPPPPPPPIIIIIIIIIIIIIT
UUUUUUUUUUUUUUUUUUUUUUUUU
UUUUUUUUUUUUUUUUUUUUUUUUU
UUUUUUUUUUUUUUUUUUUUUUUUU
UUUUUUUUUUUUUUUUUUUUUUUUU
DDDCEEEEEEEEEEEEEEEEEEEEE
DDDCEEEEEEEEEEEEEEEEEEEEE
XXXXXXXXXXXXXXXXXXXXXXXXX
YYYYYYYYYYYYYYYYYYYYYYYYY
YYYYYYYYYYYYYYYYYYYYYYYYY
Case #72: 
AAAAAAAAAAAAAAAAAAAAAAAAA
BBBBBBBBBBBBBBBBBBBBBBBBB
CCCCCCCCCCCCCCCCCCCCCCCCC
DDDDDDDDDDDDDDDDDDDDDDDDD
EEEEEEEEEEEEEEEEEEEEEEEEE
FFFFFFFFFFFFFFFFFFFFFFFFF
GGGGGGGGGGGGGGGGGGGGGGGGG
HHHHHHHHHHHHHHHHHHHHHHHHH
IIIIIIIIIIIIIIIIIIIIIIIII
JJJJJJJJJJJJJJJJJJJJJJJJJ
KKKKKKKKKKKKKKKKKKKKKKKKK
LLLLLLLLLLLLLLLLLLLLLLLLL
MMMMMMMMMMMMMMMMMMMMMMMMM
NNNNNNNNNNNNNNNNNNNNNNNNN
OOOOOOOOOOOOOOOOOOOOOOOOO
PPPPPPPPPPPPPPPPPPPPPPPPP
QQQQQQQQQQQQQQQQQQQQQQQQQ
RRRRRRRRRRRRRRRRRRRRRRRRR
SSSSSSSSSSSSSSSSSSSSSSSSS
TTTTTTTTTTTTTTTTTTTTTTTTT
UUUUUUUUUUUUUUUUUUUUUUUUU
VVVVVVVVVVVVVVVVVVVVVVVVV
WWWWWWWWWWWWWWWWWWWWWWWWW
XXXXXXXXXXXXXXXXXXXXXXXXX
YYYYYYYYYYYYYYYYYYYYYYYYY
Case #73: 
CBB
AAA
AAA
AAA
Case #74: 
AAAAABBBBBBBBBBBBBBBBBBBB
AAAAABBBBBBBBBBBBBBBBBBBB
AAAAABBBBBBBBBBBBBBBBBBBB
CCCCCCCCCCCCCCCCCCCCCCCCC
DDDDDDDDDDDDDDDDDDDDDDDDD
EEEEEEEEEEEEEEEEEEEEEEEEE
EEEEEEEEEEEEEEEEEEEEEEEEE
EEEEEEEEEEEEEEEEEEEEEEEEE
EEEEEEEEEEEEEEEEEEEEEEEEE
EEEEEEEEEEEEEEEEEEEEEEEEE
EEEEEEEEEEEEEEEEEEEEEEEEE
EEEEEEEEEEEEEEEEEEEEEEEEE
EEEEEEEEEEEEEEEEEEEEEEEEE
EEEEEEEEEEEEEEEEEEEEEEEEE
EEEEEEEEEEEEEEEEEEEEEEEEE
EEEEEEEEEEEEEEEEEEEEEEEEE
EEEEEEEEEEEEEEEEEEEEEEEEE
EEEEEEEEEEEEEEEEEEEEEEEEE
EEEEEEEEEEEEEEEEEEEEEEEEE
FFFFFFFFFFFFFFFFFFFFHHHHH
JJJJJJJJJJJJJJJJJJJJJJJJJ
JJJJJJJJJJJJJJJJJJJJJJJJJ
JJJJJJJJJJJJJJJJJJJJJJJJJ
JJJJJJJJJJJJJJJJJJJJJJJJJ
GGGGGGGGGGGGGGGGGGGGGIIII
Case #75: 
AAAAACCCCCCCCCCCCCCCCCCCC
AAAAACCCCCCCCCCCCCCCCCCCC
AAAAACCCCCCCCCCCCCCCCCCCC
AAAAACCCCCCCCCCCCCCCCCCCC
AAAAACCCCCCCCCCCCCCCCCCCC
EEEEEEEEEEEEEEEEEEEEEEEEE
EEEEEEEEEEEEEEEEEEEEEEEEE
EEEEEEEEEEEEEEEEEEEEEEEEE
EEEEEEEEEEEEEEEEEEEEEEEEE
BBBBBBDDDDDDDDDDDDDDDDDDD
BBBBBBDDDDDDDDDDDDDDDDDDD
BBBBBBDDDDDDDDDDDDDDDDDDD
BBBBBBDDDDDDDDDDDDDDDDDDD
BBBBBBDDDDDDDDDDDDDDDDDDD
BBBBBBDDDDDDDDDDDDDDDDDDD
BBBBBBDDDDDDDDDDDDDDDDDDD
BBBBBBDDDDDDDDDDDDDDDDDDD
BBBBBBDDDDDDDDDDDDDDDDDDD
BBBBBBDDDDDDDDDDDDDDDDDDD
BBBBBBDDDDDDDDDDDDDDDDDDD
BBBBBBDDDDDDDDDDDDDDDDDDD
BBBBBBDDDDDDDDDDDDDDDDDDD
BBBBBBDDDDDDDDDDDDDDDDDDD
BBBBBBDDDDDDDDDDDDDDDDDDD
BBBBBBDDDDDDDDDDDDDDDDDDD
Case #76: 
AAAAAAABBBBBBBBBBBBBBBBBB
AAAAAAABBBBBBBBBBBBBBBBBB
CCCCCCCCCCCCCCCCCCCCCCCCC
DDDDDDDDDDDDDDDDDDDDDDDDD
EEEEEEEEEEEEEEEEEEEEEEEEE
EEEEEEEEEEEEEEEEEEEEEEEEE
EEEEEEEEEEEEEEEEEEEEEEEEE
EEEEEEEEEEEEEEEEEEEEEEEEE
EEEEEEEEEEEEEEEEEEEEEEEEE
EEEEEEEEEEEEEEEEEEEEEEEEE
EEEEEEEEEEEEEEEEEEEEEEEEE
EEEEEEEEEEEEEEEEEEEEEEEEE
EEEEEEEEEEEEEEEEEEEEEEEEE
EEEEEEEEEEEEEEEEEEEEEEEEE
EEEEEEEEEEEEEEEEEEEEEEEEE
FFFFFFFFFFFFFFFFFHHHHHHHH
JJJJJJJJJJJJJJJJJJJJJJJJJ
JJJJJJJJJJJJJJJJJJJJJJJJJ
JJJJJJJJJJJJJJJJJJJJJJJJJ
JJJJJJJJJJJJJJJJJJJJJJJJJ
GGGGGGGGGGGGGGGGGGIIIIIII
GGGGGGGGGGGGGGGGGGIIIIIII
GGGGGGGGGGGGGGGGGGIIIIIII
GGGGGGGGGGGGGGGGGGIIIIIII
GGGGGGGGGGGGGGGGGGIIIIIII
Case #77: 
HHHHHHHHHHHHHHHHHHHHHHHHH
HHHHHHHHHHHHHHHHHHHHHHHHH
LLLLLLLLXXXXXXXXXXXXAAAAA
NNNNNNNNNNNNNNNNNNNNNNNNN
WWWWWWWWWWWWWWWWWWWWWWWWW
PPPPPPPPPPPPPPPPPPPPPPQQQ
CCCCCCCCCCCCCCCCCCCCCCCCC
IIIIIIIIIIIIIIIIIIIIIIIII
YYYYYYYYYYYYYYYYYYYYYYYYY
YYYYYYYYYYYYYYYYYYYYYYYYY
BBBBBBBBBBBBBBBBBBBBBBEEE
BBBBBBBBBBBBBBBBBBBBBBEEE
UUUUUUUUUUUVVVVVVVVRRRRRR
FFFFFFFFFFFFFFFFFFFFFFFFF
OOOOOOOOOOOOOOOOOOOOOOOOO
TTTTTTTTTTTTTTTTTTTTTTTTT
TTTTTTTTTTTTTTTTTTTTTTTTT
TTTTTTTTTTTTTTTTTTTTTTTTT
ZZZZZZZZZZZZZZZZZGGGGGGGG
ZZZZZZZZZZZZZZZZZGGGGGGGG
SSSSSSSSSSSSSSSSSSSSSSSSS
JJJJJJJJJJJJJJJJJJJJJJJJJ
DDDDDDDDDDDDDDDDDDDDDDDDD
DDDDDDDDDDDDDDDDDDDDDDDDD
MMMMMMMMMMMMMMMMMMMMMMMMK
Case #78: 
UUUUUUUUUUUUUUUUUUUUUUUUU
UUUUUUUUUUUUUUUUUUUUUUUUU
UUUUUUUUUUUUUUUUUUUUUUUUU
UUUUUUUUUUUUUUUUUUUUUUUUU
VVVVVVVVVVVVVVVRRRFFFFFFF
CCCCCCCCCCCCCCCCCCCCCCCDD
EEEEEEEEEEEEEEEEENNKKKKKI
JJJJJJJJJJJJJJJJPPPPPPPPP
SSSSSSSSSSSSSSSHBBBBBBBBB
AAAAAAAAAAAAAAAWWWWQLLLLL
XXXXXXXXXXXXXXXXXXXXXXXXX
TTTTTTTTTTTTTTTTTTTGGZZMM
YYYYYYYYYYYYYYYYYYYYYYYYY
OOOOOOOOOOOOOOOOOOOOOOOOO
OOOOOOOOOOOOOOOOOOOOOOOOO
OOOOOOOOOOOOOOOOOOOOOOOOO
OOOOOOOOOOOOOOOOOOOOOOOOO
OOOOOOOOOOOOOOOOOOOOOOOOO
OOOOOOOOOOOOOOOOOOOOOOOOO
OOOOOOOOOOOOOOOOOOOOOOOOO
OOOOOOOOOOOOOOOOOOOOOOOOO
OOOOOOOOOOOOOOOOOOOOOOOOO
OOOOOOOOOOOOOOOOOOOOOOOOO
OOOOOOOOOOOOOOOOOOOOOOOOO
OOOOOOOOOOOOOOOOOOOOOOOOO
Case #79: 
LLLLVVVVVVVVVKPPPPPPPPPPP
FFFFFFFFFFFFFFFFFFFHHHHHH
DDDDJJJJJUUCCCCAAZZZZZZZZ
NNNNNNNNNNNNNNNNWWWWWWWWW
MMMMMMMMMMEEEEEEEEEEEEEEE
SSSSSSSSSSSSSSSSSSSSSSSSS
TTTTTTTTTYGGGGGOOOOOOOOOO
QQQQQQQQQQQQXXXXXXXXXXXXX
BBBBBBBBBBBBBBBBBBBBBBBBB
IIIIIIIIIIIIIIIIIIIIIIIII
RRRRRRRRRRRRRRRRRRRRRRRRR
RRRRRRRRRRRRRRRRRRRRRRRRR
RRRRRRRRRRRRRRRRRRRRRRRRR
RRRRRRRRRRRRRRRRRRRRRRRRR
RRRRRRRRRRRRRRRRRRRRRRRRR
RRRRRRRRRRRRRRRRRRRRRRRRR
RRRRRRRRRRRRRRRRRRRRRRRRR
RRRRRRRRRRRRRRRRRRRRRRRRR
RRRRRRRRRRRRRRRRRRRRRRRRR
RRRRRRRRRRRRRRRRRRRRRRRRR
RRRRRRRRRRRRRRRRRRRRRRRRR
RRRRRRRRRRRRRRRRRRRRRRRRR
RRRRRRRRRRRRRRRRRRRRRRRRR
RRRRRRRRRRRRRRRRRRRRRRRRR
RRRRRRRRRRRRRRRRRRRRRRRRR
Case #80: 
A
A
Case #81: 
AAAAAAAAAAAAAAAAAAAAAAAAA
BBBBBBBBBBBBBBBBBBBBBBBBB
CCCCCCCCCCCCCCCCCCCCCCCCC
DDDDDDDDDDDDDDDDDDDDDDDDD
EEEEEEEEEEEEEEEEEEEEEEEEE
FFFFFFFFFFFFFFFFFFFFFFFFF
GGGGGGGGGGGGGGGGGGGGGGGGG
HHHHHHHHHHHHHHHHHHHHHHHHH
IIIIIIIIIIIIIIIIIIIIIIIII
JJJJJJJJJJJJJJJJJJJJJJJJJ
KKKKKKKKKKKKKKKKKKKKKKKKK
LLLLLLLLLLLLLLLLLLLLLLLLL
MMMMMMMMMMMMMMMMMMMMMMMMM
NNNNNNNNNNNNNNNNNNNNNNNNN
OOOOOOOOOOOOOOOOOOOOOOOOO
PPPPPPPPPPPPPPPPPPPPPPPPP
QQQQQQQQQQQQQQQQQQQQQQQQQ
RRRRRRRRRRRRRRRRRRRRRRRRR
SSSSSSSSSSSSSSSSSSSSSSSSS
TTTTTTTTTTTTTTTTTTTTTTTTT
UUUUUUUUUUUUUUUUUUUUUUUUU
VVVVVVVVVVVVVVVVVVVVVVVVV
WWWWWWWWWWWWWWWWWWWWWWWWW
XXXXXXXXXXXXXXXXXXXXXXXXX
YYYYYYYYYYYYYYYYYYYYYYYYY
Case #82: 
ABCDEFGHIJKLMNOPQRSTUVWXY
ABCDEFGHIJKLMNOPQRSTUVWXY
ABCDEFGHIJKLMNOPQRSTUVWXY
ABCDEFGHIJKLMNOPQRSTUVWXY
ABCDEFGHIJKLMNOPQRSTUVWXY
ABCDEFGHIJKLMNOPQRSTUVWXY
ABCDEFGHIJKLMNOPQRSTUVWXY
ABCDEFGHIJKLMNOPQRSTUVWXY
ABCDEFGHIJKLMNOPQRSTUVWXY
ABCDEFGHIJKLMNOPQRSTUVWXY
ABCDEFGHIJKLMNOPQRSTUVWXY
ABCDEFGHIJKLMNOPQRSTUVWXY
ABCDEFGHIJKLMNOPQRSTUVWXY
ABCDEFGHIJKLMNOPQRSTUVWXY
ABCDEFGHIJKLMNOPQRSTUVWXY
ABCDEFGHIJKLMNOPQRSTUVWXY
ABCDEFGHIJKLMNOPQRSTUVWXY
ABCDEFGHIJKLMNOPQRSTUVWXY
ABCDEFGHIJKLMNOPQRSTUVWXY
ABCDEFGHIJKLMNOPQRSTUVWXY
ABCDEFGHIJKLMNOPQRSTUVWXY
ABCDEFGHIJKLMNOPQRSTUVWXY
ABCDEFGHIJKLMNOPQRSTUVWXY
ABCDEFGHIJKLMNOPQRSTUVWXY
ABCDEFGHIJKLMNOPQRSTUVWXY
Case #83: 
NNNNNNNNNNNNNNNNNNNNNNNNN
NNNNNNNNNNNNNNNNNNNNNNNNN
RRRRRRRRRRRRRRRRRRRRRRRRR
RRRRRRRRRRRRRRRRRRRRRRRRR
FFFFFFFFFFFFFFFFFFYYYYYYY
FFFFFFFFFFFFFFFFFFYYYYYYY
HHHHHHHHHHHHHHHHHHHHHHHHH
CCCIIIIIIIIIIIIIIIIIIIIII
CCCIIIIIIIIIIIIIIIIIIIIII
DDDDDDDDDDDDDDDDDDDDDDDDD
SSSSSSSSSSSSSSSSSSSSSEEEE
BBBBBBBBBBBBBBBBBBBBBBBBB
OOOOOZZZZZZZZZZZZZZAAAAAA
XXXXXXXXXXXXXXXXXXXXXXXXX
XXXXXXXXXXXXXXXXXXXXXXXXX
WWWWWWWWWWWWWWWWWUUUUUUUU
JJJJJJJJJJJJJJJJJJJJJJJJJ
VVVVVVVVVVVVVVVVVVVVVVVVV
MMMMMMMMMMMMMMMMMMMMMMMMM
MMMMMMMMMMMMMMMMMMMMMMMMM
GGGGGGGGGGGGPPPPPPPPPPPPP
GGGGGGGGGGGGPPPPPPPPPPPPP
TTTTTTTTTTTTTTTTTTTTTTTTT
KKKKKKKKKKKKKKKKKKKKKKKKK
LLLLLLLLLQQQQQQQQQQQQQQQQ
Case #84: 
QQQQC
MHPRK
GGAOB
IENJS
DLUTF
Case #85: 
AAAAAAAAAAAAAAAAAAAAAAAAA
BBBBBBBBBBBBBBBBBBBBBBBBB
CCCCCCCCCCCCCCCCCCCCCCCCC
DDDDDDDDDDDDDDDDDDDDDDDDD
EEEEEEEEEEEEEEEEEEEEEEEEE
FFFFFFFFFFFFFFFFFFFFFFFFF
GGGGGGGGGGGGGGGGGGGGGGGGG
HHHHHHHHHHHHHHHHHHHHHHHHH
IIIIIIIIIIIIIIIIIIIIIIIII
JJJJJJJJJJJJJJJJJJJJJJJJJ
KKKKKKKKKKKKKKKKKKKKKKKKK
LLLLLLLLLLLLLLLLLLLLLLLLL
MMMMMMMMMMMMMMMMMMMMMMMMM
NNNNNNNNNNNNNNNNNNNNNNNNN
OOOOOOOOOOOOOOOOOOOOOOOOO
PPPPPPPPPPPPPPPPPPPPPPPPP
QQQQQQQQQQQQQQQQQQQQQQQQQ
RRRRRRRRRRRRRRRRRRRRRRRRR
SSSSSSSSSSSSSSSSSSSSSSSSS
TTTTTTTTTTTTTTTTTTTTTTTTT
UUUUUUUUUUUUUUUUUUUUUUUUU
VVVVVVVVVVVVVVVVVVVVVVVVV
WWWWWWWWWWWWWWWWWWWWWWWWW
XXXXXXXXXXXXXXXXXXXXXXXXX
YYYYYYYYYYYYYYYYYYYYYYYYY
Case #86: 
TTTTTTTTTTTTTTTTTTTTTTTTT
TTTTTTTTTTTTTTTTTTTTTTTTT
JJJJJJJJJJJJJJJJJJJJJJKKK
MMMMMMMMMMMMMMMMMMMMMMMMM
EEEEEEEEEEEEEEEEEEEEEEEEE
EEEEEEEEEEEEEEEEEEEEEEEEE
EEEEEEEEEEEEEEEEEEEEEEEEE
NNNNNNNNNNNNNNNNNNNNNNNNN
RRRRRRRRRRRRRRRUUUUUUUUUU
RRRRRRRRRRRRRRRUUUUUUUUUU
RRRRRRRRRRRRRRRUUUUUUUUUU
BBBBBBBBBBBBBBBBBBBBBBAAA
QQQQQQQQQQQQQQQQSSSSSGGGG
OOOOOOOOOOOOOOOOOOOOOOOOO
XXXXXXXXXXXXXXXXXXXXXXXPP
ZZZZZZZZZZZZZZZZZZZZZZZZZ
ZZZZZZZZZZZZZZZZZZZZZZZZZ
CCCCCCCCCCCCCCCCCCCCCCCCC
WWWWWWWWWWWWWWWWVVVIILLLL
WWWWWWWWWWWWWWWWVVVIILLLL
DDDDDDDDDDDDDDDDDDDDDDDDD
FHHHHHHHHHHHHHHHHHHHHHHHH
FHHHHHHHHHHHHHHHHHHHHHHHH
YYYYYYYYYYYYYYYYYYYYYYYYY
YYYYYYYYYYYYYYYYYYYYYYYYY
Case #87: 
JJJJJJJJJJJJJJJJJJJJJJJJJ
JJJJJJJJJJJJJJJJJJJJJJJJJ
JJJJJJJJJJJJJJJJJJJJJJJJJ
JJJJJJJJJJJJJJJJJJJJJJJJJ
JJJJJJJJJJJJJJJJJJJJJJJJJ
JJJJJJJJJJJJJJJJJJJJJJJJJ
JJJJJJJJJJJJJJJJJJJJJJJJJ
JJJJJJJJJJJJJJJJJJJJJJJJJ
JJJJJJJJJJJJJJJJJJJJJJJJJ
JJJJJJJJJJJJJJJJJJJJJJJJJ
JJJJJJJJJJJJJJJJJJJJJJJJJ
JJJJJJJJJJJJJJJJJJJJJJJJJ
JJJJJJJJJJJJJJJJJJJJJJJJJ
JJJJJJJJJJJJJJJJJJJJJJJJJ
JJJJJJJJJJJJJJJJJJJJJJJJJ
JJJJJJJJJJJJJJJJJJJJJJJJJ
WWWWWWWWWWWWWWWWWWWWWWNNN
GGGGGGGGGGGGGGGGGGGGGGGVV
MMMMMMMMMMMMMMOOYYYYQQQQQ
EEEEEEEEEEEEEEEEEEEEEELII
XXXXXXXXXXXXXXXXXXXXXXXZZ
AAAAAAAAAAAAAAAAAAADSSSSS
PPPPPPPPPPPPPPPRRHHHHTTCC
FFFFFFFFFFFFFFFFFKKBBBBBB
UUUUUUUUUUUUUUUUUUUUUUUUU
Case #88: 
VVVVVVVVVVVVVVVVVVVVVVVVV
VVVVVVVVVVVVVVVVVVVVVVVVV
VVVVVVVVVVVVVVVVVVVVVVVVV
VVVVVVVVVVVVVVVVVVVVVVVVV
VVVVVVVVVVVVVVVVVVVVVVVVV
VVVVVVVVVVVVVVVVVVVVVVVVV
JJJJJJJJJJJJJJJOOXXXXXXXX
JJJJJJJJJJJJJJJOOXXXXXXXX
RRRRRRRRRRRRRRRRRRRRRRRRR
BBBBBBBBBBBBBBBBBBBBBBBBF
EEEEEEEEEEEEEYYYYYYYIIIII
GGGGGGGGGGGGGGGGGGGGGGGGG
QQQQQQQQQQQQQQNNNNNHHHHHH
QQQQQQQQQQQQQQNNNNNHHHHHH
TTTTTTTTTTTTTTTTTTTTTTTTT
TTTTTTTTTTTTTTTTTTTTTTTTT
CCCCCCCCCCCCCCCCCCCCCCCCC
KKKKKKKKKKKKKKKUUUUULLLLL
KKKKKKKKKKKKKKKUUUUULLLLL
DDDDDDDDDDDAAAAAAAAAAAAAA
SSSSSSSPPPPPPPPPPPPPPPPPP
SSSSSSSPPPPPPPPPPPPPPPPPP
MMMMMMMMMMMMMMMMMMMMMWWWW
MMMMMMMMMMMMMMMMMMMMMWWWW
Case #89: 
AAAAAABBBBBBBBBBBBBBBBBBB
AAAAAABBBBBBBBBBBBBBBBBBB
AAAAAABBBBBBBBBBBBBBBBBBB
CCCCCCCCCCCCCCCCCCCCCCCCC
DDDDDDDDDDDDDDDDDDDDDDDDD
EEEEEEEEEEEEEEEEEEEEEEEEE
EEEEEEEEEEEEEEEEEEEEEEEEE
EEEEEEEEEEEEEEEEEEEEEEEEE
EEEEEEEEEEEEEEEEEEEEEEEEE
EEEEEEEEEEEEEEEEEEEEEEEEE
EEEEEEEEEEEEEEEEEEEEEEEEE
EEEEEEEEEEEEEEEEEEEEEEEEE
EEEEEEEEEEEEEEEEEEEEEEEEE
FFFFFFFFFFFFFFFFFFFFFHHHH
JJJJJJJJJJJJJJJJJJJJJJJJJ
JJJJJJJJJJJJJJJJJJJJJJJJJ
JJJJJJJJJJJJJJJJJJJJJJJJJ
JJJJJJJJJJJJJJJJJJJJJJJJJ
GGGGGGGGGGGGGGGGGGGGGGIII
GGGGGGGGGGGGGGGGGGGGGGIII
GGGGGGGGGGGGGGGGGGGGGGIII
GGGGGGGGGGGGGGGGGGGGGGIII
GGGGGGGGGGGGGGGGGGGGGGIII
GGGGGGGGGGGGGGGGGGGGGGIII
GGGGGGGGGGGGGGGGGGGGGGIII
Case #90: 
LLLEE
LLLEE
LLLEE
LLLEE
DDDFH
AACBG
JJJIK
Case #91: 
LLLLLLLLLLLLLLLLLLLLLLLLL
LLLLLLLLLLLLLLLLLLLLLLLLL
XXXXXXXXXXXXXXXXXXXXXXXXX
HHHHHHHHHHHHHHHHHHHHHHHHH
RRRRRRRRRRRRRRRRRRRRRMMOO
ZZZZZZZZZZZZZZZAAAAAAAAAA
CCCCCCCCCCCCCCCCCCCCCCCCC
CCCCCCCCCCCCCCCCCCCCCCCCC
CCCCCCCCCCCCCCCCCCCCCCCCC
GGGGGGGGGGGGGGGGGGGGGGGGG
UUUUUUUUUUUUUUUUUUUUUUUUU
EEEEEEEEEEEEEEEEEEEEEEEEE
WWWWWWWWWWWWIIIIIIIIIIIII
WWWWWWWWWWWWIIIIIIIIIIIII
PPPPPPPPPPPPPPPPPPPPPPPPP
TTTTTTTTTTTTTTTTTKKDDDDYY
NNNNNNNNNNNNNNNNNNNNNNNNN
QQQQQQQQQQQQQQQQQQQQQQQQQ
VVVVVVVVVVVVVVVVVVVVVVVVV
SSSSSSSSSSSSSSSSSSSSSSSSS
SSSSSSSSSSSSSSSSSSSSSSSSS
FFFFFFFJJJJJJJJJJJJJJJJJJ
FFFFFFFJJJJJJJJJJJJJJJJJJ
BBBBBBBBBBBBBBBBBBBBBBBBB
BBBBBBBBBBBBBBBBBBBBBBBBB
Case #92: 
AABBCCDDEEFFGGHHIIJJKKLLM
NNNOOPPQQRRSSTTUUVVWWXXYY
ZZZZZZZZZZZZZZZZZZZZZZZZZ
ZZZZZZZZZZZZZZZZZZZZZZZZZ
ZZZZZZZZZZZZZZZZZZZZZZZZZ
ZZZZZZZZZZZZZZZZZZZZZZZZZ
ZZZZZZZZZZZZZZZZZZZZZZZZZ
ZZZZZZZZZZZZZZZZZZZZZZZZZ
ZZZZZZZZZZZZZZZZZZZZZZZZZ
ZZZZZZZZZZZZZZZZZZZZZZZZZ
ZZZZZZZZZZZZZZZZZZZZZZZZZ
ZZZZZZZZZZZZZZZZZZZZZZZZZ
ZZZZZZZZZZZZZZZZZZZZZZZZZ
ZZZZZZZZZZZZZZZZZZZZZZZZZ
ZZZZZZZZZZZZZZZZZZZZZZZZZ
ZZZZZZZZZZZZZZZZZZZZZZZZZ
ZZZZZZZZZZZZZZZZZZZZZZZZZ
ZZZZZZZZZZZZZZZZZZZZZZZZZ
ZZZZZZZZZZZZZZZZZZZZZZZZZ
ZZZZZZZZZZZZZZZZZZZZZZZZZ
ZZZZZZZZZZZZZZZZZZZZZZZZZ
ZZZZZZZZZZZZZZZZZZZZZZZZZ
ZZZZZZZZZZZZZZZZZZZZZZZZZ
ZZZZZZZZZZZZZZZZZZZZZZZZZ
ZZZZZZZZZZZZZZZZZZZZZZZZZ
Case #93: 
AAAAAACCCCCCCCCCCCCCCCCCC
AAAAAACCCCCCCCCCCCCCCCCCC
AAAAAACCCCCCCCCCCCCCCCCCC
AAAAAACCCCCCCCCCCCCCCCCCC
EEEEEEEEEEEEEEEEEEEEEEEEE
EEEEEEEEEEEEEEEEEEEEEEEEE
EEEEEEEEEEEEEEEEEEEEEEEEE
EEEEEEEEEEEEEEEEEEEEEEEEE
BBBBBBBDDDDDDDDDDDDDDDDDD
BBBBBBBDDDDDDDDDDDDDDDDDD
BBBBBBBDDDDDDDDDDDDDDDDDD
BBBBBBBDDDDDDDDDDDDDDDDDD
BBBBBBBDDDDDDDDDDDDDDDDDD
BBBBBBBDDDDDDDDDDDDDDDDDD
BBBBBBBDDDDDDDDDDDDDDDDDD
BBBBBBBDDDDDDDDDDDDDDDDDD
FFFFFFFFFFFFFFFFFFFFFGGGG
HHHHHHHHHHHHHHHHHHHHHHHHH
IIIIIIIIIIIIIIIIIIIIIIIII
JJJJJJJJJJJJJJJJJJJJJJJJJ
JJJJJJJJJJJJJJJJJJJJJJJJJ
JJJJJJJJJJJJJJJJJJJJJJJJJ
JJJJJJJJJJJJJJJJJJJJJJJJJ
JJJJJJJJJJJJJJJJJJJJJJJJJ
JJJJJJJJJJJJJJJJJJJJJJJJJ
Case #94: 
AAAAAAAAAAABBBBBBBBBBBBBB
CCCCCCCCCCCCCCCCCCCCCCCCC
DDDDDDDDDDDDDDDDDDDDDDDDD
EEEEEEEEEEEEEEEEEEEEEEEEE
EEEEEEEEEEEEEEEEEEEEEEEEE
EEEEEEEEEEEEEEEEEEEEEEEEE
EEEEEEEEEEEEEEEEEEEEEEEEE
EEEEEEEEEEEEEEEEEEEEEEEEE
EEEEEEEEEEEEEEEEEEEEEEEEE
EEEEEEEEEEEEEEEEEEEEEEEEE
EEEEEEEEEEEEEEEEEEEEEEEEE
EEEEEEEEEEEEEEEEEEEEEEEEE
FFFFFFFFFFFFFFFFFFFFHHHHH
JJJJJJJJJJJJJJJJJJJJJJJJJ
JJJJJJJJJJJJJJJJJJJJJJJJJ
JJJJJJJJJJJJJJJJJJJJJJJJJ
JJJJJJJJJJJJJJJJJJJJJJJJJ
GGGGGGGGGGGGGGGGGGGGGIIII
GGGGGGGGGGGGGGGGGGGGGIIII
GGGGGGGGGGGGGGGGGGGGGIIII
GGGGGGGGGGGGGGGGGGGGGIIII
GGGGGGGGGGGGGGGGGGGGGIIII
GGGGGGGGGGGGGGGGGGGGGIIII
GGGGGGGGGGGGGGGGGGGGGIIII
GGGGGGGGGGGGGGGGGGGGGIIII
Case #95: 
EEQQQQQQQQQQQQQQQQQQQQQQQ
EEQQQQQQQQQQQQQQQQQQQQQQQ
EEQQQQQQQQQQQQQQQQQQQQQQQ
EEQQQQQQQQQQQQQQQQQQQQQQQ
EEQQQQQQQQQQQQQQQQQQQQQQQ
EEQQQQQQQQQQQQQQQQQQQQQQQ
EEQQQQQQQQQQQQQQQQQQQQQQQ
EEQQQQQQQQQQQQQQQQQQQQQQQ
EEQQQQQQQQQQQQQQQQQQQQQQQ
EEQQQQQQQQQQQQQQQQQQQQQQQ
EEQQQQQQQQQQQQQQQQQQQQQQQ
EEQQQQQQQQQQQQQQQQQQQQQQQ
EEQQQQQQQQQQQQQQQQQQQQQQQ
EEQQQQQQQQQQQQQQQQQQQQQQQ
EEQQQQQQQQQQQQQQQQQQQQQQQ
EEQQQQQQQQQQQQQQQQQQQQQQQ
EEQQQQQQQQQQQQQQQQQQQQQQQ
EEQQQQQQQQQQQQQQQQQQQQQQQ
SSSJJJJJJJJJJJJJJJJJJJJJJ
GGNNKKKKKKKKKKKKKKKKKKKKK
UUUUUUUUUUUUUUUUUUUUUUUUU
XXXAAAAAAAAAAAAAAAAAAAAAA
IIIITTDOOOOOOOOOOOOOOOOOO
WCBPPPYMMMMMMMMMMMMMMMMMM
VVFFHHRZZLLLLLLLLLLLLLLLL
Case #96: 
AAAAAAAAAAAAAAAAAAAAAABBB
AAAAAAAAAAAAAAAAAAAAAABBB
AAAAAAAAAAAAAAAAAAAAAABBB
CCCCCCCCCCCCCCCCCCCCCCCCC
DDDDDDDDDDDDDDDDDDDDDDDDD
EEEEEEEEEEEEEEEEEEEEEEEEE
EEEEEEEEEEEEEEEEEEEEEEEEE
EEEEEEEEEEEEEEEEEEEEEEEEE
EEEEEEEEEEEEEEEEEEEEEEEEE
EEEEEEEEEEEEEEEEEEEEEEEEE
EEEEEEEEEEEEEEEEEEEEEEEEE
EEEEEEEEEEEEEEEEEEEEEEEEE
EEEEEEEEEEEEEEEEEEEEEEEEE
EEEEEEEEEEEEEEEEEEEEEEEEE
EEEEEEEEEEEEEEEEEEEEEEEEE
EEEEEEEEEEEEEEEEEEEEEEEEE
EEEEEEEEEEEEEEEEEEEEEEEEE
EEEEEEEEEEEEEEEEEEEEEEEEE
EEEEEEEEEEEEEEEEEEEEEEEEE
EEEEEEEEEEEEEEEEEEEEEEEEE
EEEEEEEEEEEEEEEEEEEEEEEEE
EEEEEEEEEEEEEEEEEEEEEEEEE
EEEEEEEEEEEEEEEEEEEEEEEEE
EEEEEEEEEEEEEEEEEEEEEEEEE
EEEEEEEEEEEEEEEEEEEEEEEEE
Case #97: 
ABCDEFGHIJKLMNOPQRSTUVWXY
ABCDEFGHIJKLMNOPQRSTUVWXY
ABCDEFGHIJKLMNOPQRSTUVWXY
ABCDEFGHIJKLMNOPQRSTUVWXY
ABCDEFGHIJKLMNOPQRSTUVWXY
ABCDEFGHIJKLMNOPQRSTUVWXY
ABCDEFGHIJKLMNOPQRSTUVWXY
ABCDEFGHIJKLMNOPQRSTUVWXY
ABCDEFGHIJKLMNOPQRSTUVWXY
ABCDEFGHIJKLMNOPQRSTUVWXY
ABCDEFGHIJKLMNOPQRSTUVWXY
ABCDEFGHIJKLMNOPQRSTUVWXY
ABCDEFGHIJKLMNOPQRSTUVWXY
ABCDEFGHIJKLMNOPQRSTUVWXY
ABCDEFGHIJKLMNOPQRSTUVWXY
ABCDEFGHIJKLMNOPQRSTUVWXY
ABCDEFGHIJKLMNOPQRSTUVWXY
ABCDEFGHIJKLMNOPQRSTUVWXY
ABCDEFGHIJKLMNOPQRSTUVWXY
ABCDEFGHIJKLMNOPQRSTUVWXY
ABCDEFGHIJKLMNOPQRSTUVWXY
ABCDEFGHIJKLMNOPQRSTUVWXY
ABCDEFGHIJKLMNOPQRSTUVWXY
ABCDEFGHIJKLMNOPQRSTUVWXY
ABCDEFGHIJKLMNOPQRSTUVWXY
Case #98: 
DDCC
EEEB
EEEB
AAAA
Case #99: 
AACCCCCCCCCCCCCCCCCCCCCCC
AACCCCCCCCCCCCCCCCCCCCCCC
AACCCCCCCCCCCCCCCCCCCCCCC
AACCCCCCCCCCCCCCCCCCCCCCC
AACCCCCCCCCCCCCCCCCCCCCCC
AACCCCCCCCCCCCCCCCCCCCCCC
AACCCCCCCCCCCCCCCCCCCCCCC
AACCCCCCCCCCCCCCCCCCCCCCC
EEEEEEEEEEEEEEEEEEEEEEEEE
EEEEEEEEEEEEEEEEEEEEEEEEE
EEEEEEEEEEEEEEEEEEEEEEEEE
EEEEEEEEEEEEEEEEEEEEEEEEE
BBBDDDDDDDDDDDDDDDDDDDDDD
BBBDDDDDDDDDDDDDDDDDDDDDD
BBBDDDDDDDDDDDDDDDDDDDDDD
BBBDDDDDDDDDDDDDDDDDDDDDD
BBBDDDDDDDDDDDDDDDDDDDDDD
BBBDDDDDDDDDDDDDDDDDDDDDD
BBBDDDDDDDDDDDDDDDDDDDDDD
BBBDDDDDDDDDDDDDDDDDDDDDD
BBBDDDDDDDDDDDDDDDDDDDDDD
BBBDDDDDDDDDDDDDDDDDDDDDD
BBBDDDDDDDDDDDDDDDDDDDDDD
BBBDDDDDDDDDDDDDDDDDDDDDD
BBBDDDDDDDDDDDDDDDDDDDDDD
Case #100: 
RRRRRRRRRRRRRRRRRRRRRRRRR
RRRRRRRRRRRRRRRRRRRRRRRRR
RRRRRRRRRRRRRRRRRRRRRRRRR
RRRRRRRRRRRRRRRRRRRRRRRRR
RRRRRRRRRRRRRRRRRRRRRRRRR
RRRRRRRRRRRRRRRRRRRRRRRRR
RRRRRRRRRRRRRRRRRRRRRRRRR
RRRRRRRRRRRRRRRRRRRRRRRRR
RRRRRRRRRRRRRRRRRRRRRRRRR
GGGGGGGGGGGGGGGGGGGGGGGGG
MMMMMMMMMKKKKKKKKKKKKKKKK
TTTTTTTTQQQQQQQQQQQQQQQQQ
OOOOOOOWWWAAAAAAAAAAAAAAA
LLLLLLLLLLLLLLLLLLLLLLLLL
IIIIIIIIIIIIIIIIIIIIIIIII
SSSSSSSSSYYYYYYYYYYYYYYYY
PPPPPPJJUDFFFFFFFFFFFFFFF
NNNNNNCCCCCCCCCCCCCCCCCCC
ZZZZZZVXXXXXXXXXXXXXXXXXX
ZZZZZZVXXXXXXXXXXXXXXXXXX
BBBBBBBBBBBBBBBBBBBBBBBBB
HHHHHHHHHHHHHHHHHHHHHHHHH
EEEEEEEEEEEEEEEEEEEEEEEEE
EEEEEEEEEEEEEEEEEEEEEEEEE
EEEEEEEEEEEEEEEEEEEEEEEEE
